------------------------------------------------------------------
      name:  <unnamed>
       log:  C:\Users\Templeton\Desktop\GAPP\GAPP-UGANDA-HARUNA\UN
> HS_2005\GAPP2/rep/020_hhdata.log
  log type:  text
 opened on:  25 Jun 2013, 11:33:02

. clear

. set more off

. #delimit ;
delimiter now ;
. ****************************************************************
> **********
> * 020_hhdata.do         (start)
> *
> * Organize the hhid identifier in the HHData file the same way, 
> and keep
> * only the relevant variables.
> *
> * This file sets:
> * - interview month, quarter and year
> * - regions: make all needed regions. But in the end only the on
> e specified
> *            in initial.do are kept. These are
> *            - rural: 0=urban, 1=rural
> *            - news: speficifying North, East, West, South. But 
> combinations
> *                    are also possible, eg. North-East, Center,.
> ..
> *            - reg_tpi: regions with own TPI
> *            - strata: strata regions
> *            - spdomain: spatial domains (regions with own pover
> ty line)
> *            - news_ru_ur: combination of news and rural
> ****************************************************************
> **********;
. use "$path/in/hhdata.dta", clear;

. *recode spdomain 10=1 11=2 20=3 30=4 40=5 these have been set to
>  five for Uganda to ensure hwe have at least 1000 households per
>  domain;
. tab spdomain, missing;

       Spatial |
 domains: each |
      with own |
  poverty line |
  (they are 9) |      Freq.     Percent        Cum.
---------------+-----------------------------------
       Kampala |        324        4.36        4.36
 Central urban |        192        2.59        6.95
 Central rural |      1,584       21.33       28.28
 Eastern urban |        414        5.58       33.85
 Eastern rural |      1,516       20.41       54.27
Northern urban |        344        4.63       58.90
Northern rural |      1,279       17.22       76.12
 Western urban |        424        5.71       81.83
 Western rural |      1,344       18.10       99.93
             . |          5        0.07      100.00
---------------+-----------------------------------
         Total |      7,426      100.00

.         sort hhid;

.         save "$path/work/hhdata.dta", replace;
file C:\Users\Templeton\Desktop\GAPP\GAPP-UGANDA-HARUNA\UNHS_2005\
> GAPP2/work/hhdata.dta saved

.         sum;

    Variable |       Obs        Mean    Std. Dev.       Min       
>  Max
-------------+----------------------------------------------------
> ----
        hhid |      7426    2.48e+09    1.13e+09   1.01e+09   4.15
> e+09
      region |      7426    2.412604    1.133499          1       
>    4
    district |      7426    247.8391    113.3708        101       
>  415
       urban |      7421    .2288101     .420095          0       
>    1
      regurb |      7421     24.3509    11.34034         10       
>   41
-------------+----------------------------------------------------
> ----
        mult |      7421     704.638    339.0679      60.97    440
> 4.13
       rmult |      7421    704.6575    339.0531         61       
> 4404
         idp |      7421    .0404258     .196969          0       
>    1
       exdis |      7421    .0729012    .2599918          0       
>    1
       hsize |      7421    5.193774     2.94883          1       
>   30
-------------+----------------------------------------------------
> ----
     welfare |      7421    46568.98    57216.97    2620.53    105
> 3813
       hmult |      7421    3659.734    2834.531         90      5
> 7252
      poor06 |      7421    .2685622    .4432415          0       
>    1
        comm |      7422    2.48e+07    1.13e+07   1.01e+07   4.15
> e+07
    substrat |      7426    2.542419     .840165          1       
>    3
-------------+----------------------------------------------------
> ----
         psu |      7426    12.43307    9.843949          1       
>   39
        snum |      7426     5.99219    3.213011          1       
>   17
       vtype |      7071    1.487767    .5001685          1       
>    3
      gpsnsa |      7421    130231.5    138688.1         34    340
> 0000
      gpsnsb |      7420     3149466     1515975       4522   8.03
> e+07
-------------+----------------------------------------------------
> ----
    inidpcmp |      7426    1.959601    .1969055          1       
>    2
    daysurve |      7409    17.17303    6.229309          1       
>   31
    monsurve |      7426    6.489362    3.436694          1       
>   12
     yrsurve |      7426    2005.335    .4721769       2005       
> 2006
       scode |      6990    42.41159    21.68829          3       
>   98
-------------+----------------------------------------------------
> ----
     daychks |      6960    17.52744    6.375368          1       
>   72
     monchks |      6961    5.121822    4.233872          1       
>   30
    yearchks |      6967    2005.855    14.31612       2005       
> 3200
    editcode |      2816     48.2951    25.71762          1       
>   89
     dayedit |      2796    18.27825    6.935107          1       
>   72
-------------+----------------------------------------------------
> ----
     monedit |      2801    9.271332    3.841028          1       
>   30
    yearedit |      2807    2005.634    22.55493       2005       
> 3200
     strthrs |      6362    10.69239    2.177149          6       
>   61
     strtmin |      6358    25.79412     17.5706          0       
>   59
    respcode |      7424    1.011045    .1287743          1       
>    8
-------------+----------------------------------------------------
> ----
    our_resp |      7410    1.412011    .4941459          1       
>    3
     entrant |      7288    12.28224    5.929164          1       
>   19
    dayentry |      7288     15.6674    8.075122          1       
>   31
    monentry |      7288    3.868551    2.079063          0       
>   12
     yrentry |      7288     2006.38    37.41513       2005       
> 5200
-------------+----------------------------------------------------
> ----
    verifier |       167    6.538922    3.487928          1       
>   15
    dayverif |       148    16.77703    8.431251          2       
>   30
    monverif |       148    4.141892    2.501728          1       
>   11
    yrverify |       157    2005.898    .3034991       2005       
> 2006
      hhsize |      7415    5.782738    3.284401          1       
>   33
-------------+----------------------------------------------------
> ----
    hhweight |      7426    704.6189    339.0242      60.97    440
> 4.13
    survquar |      7426     2.50983    1.074578          1       
>    4
     survmon |      7426    6.514678    3.303603          1       
>   12
        bswt |      7426           1           0          1       
>    1
      strata |      7426    5.644762    2.836484          1       
>   10
-------------+----------------------------------------------------
> ----
       rural |      7421    .7711899     .420095          0       
>    1
     reg_tpi |      7426    2.412604    1.133499          1       
>    4
    spdomain |      7421    5.551947    2.384282          1       
>    9
        news |      7426    2.412604    1.133499          1       
>    4

. use "$path/in/indata.dta", clear;

.         *sort hhid;
.         save "$path/work/indata.dta", replace;
file C:\Users\Templeton\Desktop\GAPP\GAPP-UGANDA-HARUNA\UNHS_2005\
> GAPP2/work/indata.dta saved

.         sum;

    Variable |       Obs        Mean    Std. Dev.       Min       
>  Max
-------------+----------------------------------------------------
> ----
       indid |     41810    2.50e+11    1.12e+11   1.01e+11   4.15
> e+11
    motherhh |     39374    .5007111    .5000058          0       
>    1
        hhid |     41797    2.50e+09    1.12e+09   1.01e+09   4.15
> e+09
         sex |     41797    .5243199    .5348987          0       
>    2
         age |     40470    19.68325    17.41645          0       
>  110

. use "$path/in/calperg.dta", clear;

.         *sort hhid;
.         save "$path/work/calperg.dta", replace;
file C:\Users\Templeton\Desktop\GAPP\GAPP-UGANDA-HARUNA\UNHS_2005\
> GAPP2/work/calperg.dta saved

.         sum;

    Variable |       Obs        Mean    Std. Dev.       Min       
>  Max
-------------+----------------------------------------------------
> ----
     product |        62       130.5    18.04162        100       
>  161
    descript |         0
     calperg |        62    1.980935    2.136932          0       
> 8.84

. /*
> use "$path/in/cons_cod_trans.dta", clear;
>         *sort hhid;
>         sum;
> for var value quantityd cod_hh_nom cod_hh_nom2 cod_hh_nom3: repl
> ace X=0 if X==.;
> collapse food_cat prod_cat (sum) value quantityd cod_hh_nom cod_
> hh_nom2 cod_hh_nom3, by(hhid product descript);
>         save "$path/work/cons_cod.dta", replace;
>         sum;
> */
>  
> ****************************************************************
> **********
> * 020_hhdata.do         (end)
> ****************************************************************
> **********;
. cap log close;
