-----------------------------------------------------------------------
      name:  <unnamed>
       log:  C:\Users\Templeton\Desktop\GAPP\GAPP-UGANDA-HARUNA\UNHS_20
> 05\GAPP2/rep/100_food_basket_flex.log
  log type:  text
 opened on:   9 Jul 2013, 11:07:25

. clear

. set more off

. #delimit ;
delimiter now ;
. *********************************************************************
> *****
> * 100_food_basket_flex.do     (start)
> *
> * This file is to get the data from the cons_cod.dta in work and then
>  
> * to create the do file with the 90% of the consumption expenditures 
> * using a flexible basket of goods.
> *
> * NOTE: we actually keep goods representing 95% of expenditure
> * in order to facilitate dropping of some goods (such as rats) where
> * quantity and nutrition information is unknown.
> *
> * We base our basket on the bottom 60 percent of consumption per capi
> ta
> * (weighted by hhweight*hhsize). We use the TEMPORALLY-ADJUSTED
> * NOMINAL consumption because we don't have a spatial adjustment yet.
> *
> * (Then we iterate this process to arrive at a final food bundle in l
> ater code)
> *********************************************************************
> *****;
. *CA modified to bring in hhdata into bootstrap;
. /*
> This file uses:
>                 work/cons_cod.dta
>                 work/hhdata.dta
>                 work/products.dta
>                 work/consump_nom.dta
>                 work/temp_index_reg_tpi.dta
>                 work/food_cat.dta
> 
> This file creates:
>                 work/food_basket_flex.dta
>                 work/codes_food_basket_flex.dta
> */
> 
> 
> 
> *do "$path/new/010_initial.do";
. *********************************************************************
> *****;
. * First, make a small temp file that has the temporally adjusted 
> * nominal consumption per capita, using work/consump_nom and 
> * work/temp_index_reg_tpi.dta. Make a dummy variable indicating
> * whether they are in the bottom 60%.
> *********************************************************************
> *****;
. use "$path/work/conpc.dta", clear;

. *use "$path/work/consump_nom.dta", clear;
. *CA modified to merge in work/hhdata.dta for bootstrap;
.         sort hhid;

.         merge hhid using "$path/work/hhdata.dta";

.         tab _m;

     _merge |      Freq.     Percent        Cum.
------------+-----------------------------------
          1 |          1        0.01        0.01
          3 |      7,426       99.99      100.00
------------+-----------------------------------
      Total |      7,427      100.00

.         drop _m;

.         keep hhid hhweight hhsize cons_pc_nom reg_tpi rural survquar;

.         sort reg_tpi survquar;

.         cap drop _merge;

.         merge reg_tpi survquar using "$path/work/temp_index_reg_tpi.d
> ta";
variables reg_tpi survquar do not uniquely identify observations in
    the master data
(label lsurvquar already defined)
(label region already defined)

.         tab _merge;

     _merge |      Freq.     Percent        Cum.
------------+-----------------------------------
          1 |          1        0.01        0.01
          3 |      7,426       99.99      100.00
------------+-----------------------------------
      Total |      7,427      100.00

.         drop _merge;

.         sort hhid;

.         merge hhid using "$path/work/conpc.dta";

.         tab _merge;

     _merge |      Freq.     Percent        Cum.
------------+-----------------------------------
          3 |      7,427      100.00      100.00
------------+-----------------------------------
      Total |      7,427      100.00

.         drop _merge;

.                 gen food_pc_tpi  = food_pc_nom /tpi_trim;
(12 missing values generated)

.         lab var food_pc_tpi "Temp-adjusted per capita food consumptio
> n/day";

.         gen cons_pc_tpi = food_pc_tpi + nf_pc_nom;
(13 missing values generated)

.         lab var cons_pc_tpi "Temp adjusted total consumption/day";

.         gen one=1;

.         tempfile contpi;

.         save `contpi', replace;
(note: file C:\Users\TEMPLE~1\AppData\Local\Temp\ST_0l000001.tmp not fo
> und)
file C:\Users\TEMPLE~1\AppData\Local\Temp\ST_0l000001.tmp saved

.         collapse (p$bottom) one cons_pc_tpi [aw=hhsize*hhweight] ;

.         rename cons_pc_tpi pctile_60;

.         tempfile 60pct;

.         sort one;

.         save `60pct', replace;
(note: file C:\Users\TEMPLE~1\AppData\Local\Temp\ST_0l000002.tmp not fo
> und)
file C:\Users\TEMPLE~1\AppData\Local\Temp\ST_0l000002.tmp saved

.                 use `contpi';

.                 sort one;

.                 merge one using `60pct';
variable one does not uniquely identify observations in the master
    data

.                 tab _merge;

     _merge |      Freq.     Percent        Cum.
------------+-----------------------------------
          3 |      7,427      100.00      100.00
------------+-----------------------------------
      Total |      7,427      100.00

.                 drop _merge;

.                 drop one;

.                         gen bottom_basket=cons_pc_tpi< pctile_60;

.                 tab bottom_basket [aw=hhsize*hhweight];

bottom_bask |
         et |      Freq.     Percent        Cum.
------------+-----------------------------------
          0 |  3,709.007       50.02       50.02
          1 |  3,705.993       49.98      100.00
------------+-----------------------------------
      Total |      7,415      100.00

.                 lab var bottom_basket "=1 if in bottom 60% of PCE";

.                                 sort hhid;

. save `contpi' , replace;
file C:\Users\TEMPLE~1\AppData\Local\Temp\ST_0l000001.tmp saved

. *********************************************************************
> *****;
. * Next, need to keep only the food products in order to calculate the
>  
> * food poverty line, and then calculate the food expenses by code.
> *********************************************************************
> *****;
. use "$path/work/cons_cod.dta";

. /*
>         sort product;
>         merge product using "$path/work/food_cat.dta";
>         tab _merge;
>         keep if _merge==3;
>         drop _merge;
> */
>         
>         keep if food_cat;
(0 observations deleted)

.         codebook hhid;

-----------------------------------------------------------------------
hhid                                                        (unlabeled)
-----------------------------------------------------------------------

                  type:  numeric (double)

                 range:  [1.013e+09,4.153e+09]        units:  1
         unique values:  7425                     missing .:  133/99750

                  mean:   2.4e+09
              std. dev:   1.1e+09

           percentiles:        10%       25%       50%       75%       
> 90%
                           1.1e+09   1.1e+09   2.1e+09   3.1e+09   4.1e
> +09

.         sort hhid;

. *********************************************************************
> *****;
. * Next, merge in the consumption information, and select those in bot
> tom
> * 60% of nominal distribution, after making temporal adjustment. 
> *********************************************************************
> *****;
.         merge hhid using `contpi';
variable hhid does not uniquely identify observations in the master
    data

.         tab _merge;

     _merge |      Freq.     Percent        Cum.
------------+-----------------------------------
          2 |          1        0.00        0.00
          3 |     99,750      100.00      100.00
------------+-----------------------------------
      Total |     99,751      100.00

.         keep if _merge==3;
(1 observation deleted)

.         drop _merge;

.         keep if bottom_basket==1;
(62035 observations deleted)

.      ****************************************************************
> **********;
. * Calculate food shares. Since we're only doing shares here, we can
> * work with the expenditures without doing temporal adjustment.
> *********************************************************************
> *****;
.           gen  food_expenditure= cod_hh_nom;

.                             *gen  food_expenditure= own_valued + dail
> y_valued + monthly_valued + educ_valued;
.           egen tot_food_expen= sum (food_expen), by (hhid) ;

.           count if food_expenditure==.;
    0

.           count if tot_food_expen==.;
    0

.                     gen food_share= food_expenditure/tot_food_expen;

.           count if food_share==.;
    0

.           drop if food_share==.;
(0 observations deleted)

.           sort hhid product;

.                         tempfile food_basket_flex;

. save `food_basket_flex', replace;
(note: file C:\Users\TEMPLE~1\AppData\Local\Temp\ST_0l000003.tmp not fo
> und)
file C:\Users\TEMPLE~1\AppData\Local\Temp\ST_0l000003.tmp saved

. *********************************************************************
> ***********;
. * Now prepare to get the variable spdomain to the using dataset, and 
> then find the 
> * total shares by each product in order to select the most important 
> goods in the 
> * basket.
> *********************************************************************
> ***********;
.                 preserve;

.                 use "$path/work/hhdata.dta", clear;

.                         keep hhid spdomain;

.                         sort hhid;

.                         tempfile spdomain;

.                 save `spdomain' , replace;
(note: file C:\Users\TEMPLE~1\AppData\Local\Temp\ST_0l000005.tmp not fo
> und)
file C:\Users\TEMPLE~1\AppData\Local\Temp\ST_0l000005.tmp saved

.                 restore;

.                            collapse (mean) hhweight, by (hhid);

.            sort hhid ;

.             merge hhid using `spdomain';

.            tab _merge;

     _merge |      Freq.     Percent        Cum.
------------+-----------------------------------
          2 |      4,104       55.27       55.27
          3 |      3,322       44.73      100.00
------------+-----------------------------------
      Total |      7,426      100.00

.            drop if _m==2;
(4104 observations deleted)

.            drop _merge;

.             collapse (sum) hhweight , by(spdomain);

.            rename hhweight tothhweight;

.            tempfile tothhweight;

. save `tothhweight';
file C:\Users\TEMPLE~1\AppData\Local\Temp\ST_0l000006.tmp saved

. use `food_basket_flex';

.           sort hhid;

.           merge hhid using `spdomain';
variable hhid does not uniquely identify observations in the master
    data

.           tab _merge;

     _merge |      Freq.     Percent        Cum.
------------+-----------------------------------
          2 |      4,104        9.81        9.81
          3 |     37,715       90.19      100.00
------------+-----------------------------------
      Total |     41,819      100.00

.           sort _m;

.           drop if _m==2;
(4104 observations deleted)

.           drop _m;

.           sort spdomain;

.             merge spdomain using `tothhweight';
variable spdomain does not uniquely identify observations in the
    master data
(label lspdomain already defined)

.           tab _merge;

     _merge |      Freq.     Percent        Cum.
------------+-----------------------------------
          3 |     37,715      100.00      100.00
------------+-----------------------------------
      Total |     37,715      100.00

.           drop _merge;

.             sort spdomain product;

.             gen f_share_w=(food_share*hhweight)/tothhweight;

.                                                 *drop descript;
.                         *gen descript = 0;
.             collapse (sum) f_share_w, by(spdomain product descript);

.                      sort spdomain f_share_w;

.           by spdomain: gen cumshr= sum(f_share_w);

.                     count if cumshr<=.075;
  250

.           drop if cumshr<=.075;
(250 observations deleted)

.             lab var f_share_w "average food share for the 13 regions"
> ;

. save "$path/work/food_basket_flex.dta", replace;
file C:\Users\Templeton\Desktop\GAPP\GAPP-UGANDA-HARUNA\UNHS_2005\GAPP2
> /work/food_basket_flex.dta saved

. * List first spatial region to get an idea about contents;
. list product spdomain f_share_w cumshr if spdomain==1;

     +------------------------------------------+
     | product   spdomain   f_shar~w     cumshr |
     |------------------------------------------|
  1. |     125    Kampala   .0119839   .0815463 |
  2. |     122    Kampala   .0132478   .0947941 |
  3. |     144    Kampala   .0143908   .1091849 |
  4. |     127    Kampala   .0194378   .1286227 |
  5. |     107    Kampala   .0198948   .1485175 |
     |------------------------------------------|
  6. |     157    Kampala   .0202407   .1687582 |
  7. |     141    Kampala   .0236563   .1924145 |
  8. |     101    Kampala   .0295821   .2219966 |
  9. |     113    Kampala   .0330545   .2550511 |
 10. |     147    Kampala   .0339048   .2889559 |
     |------------------------------------------|
 11. |     105    Kampala   .0343554   .3233113 |
 12. |     110    Kampala   .1215675   .4448787 |
 13. |     999    Kampala   .5551212          1 |
     +------------------------------------------+

.                     gen numreg=1;

.           collapse (sum) numreg cumshr, by (product descript);

.                           keep product descript numreg;

.           display _N;
43

.                     lab var numreg "number of goods in the basket";

. /*
>           merge product using "$path/work/products.dta";
>             tab _merge;
>           keep if _merge==3;
> */
>           keep product descript numreg;

.             sort product;

.                display _N;
43

.   save "$path/work/codes_food_basket_flex.dta", replace;
file C:\Users\Templeton\Desktop\GAPP\GAPP-UGANDA-HARUNA\UNHS_2005\GAPP2
> /work/codes_food_basket_flex.dta saved

. *********************************************************************
> *****
> * 100_food_basket_flex.do     (end)
> *********************************************************************
> *****;
. cap log close;
