------------------------------------------------------------------
      name:  <unnamed>
       log:  C:\Users\Templeton\Desktop\GAPP\GAPP-UGANDA-HARUNA\UN
> HS_2005\GAPP2/rep/130_povmeas_flex.log
  log type:  text
 opened on:   2 Jul 2013, 15:04:35

. clear

. set more off

. #delimit ;
delimiter now ;
. ****************************************************************
> **********
> * 130_povmeas_flex.do           (start)
> *
> * Purpose:
> * Initial poverty measures calculation for flexible basket. (Bef
> ore any iteration)
> ****************************************************************
> **********;
. *CA modified to add work/hhdata.dta for bootstrap;
. /*
> This file uses:
>         in/foodshr96.dta
>         work/povline_f_flex.dta
>         work/consump_nom.dta
>         work/hhdata.dta
>         work/temp_index_reg_tpi.dta
> 
> This file creates:
>         work/foodshr96.dta
>         work/povmeas.dta
>         work/povlines.dta
>         work/cons_real.dta
> */
> 
> 
> 
> ****************************************************************
> **********;
. * Bring in data file with nominal consumption per capita, and de
> flate it
> * by temporal price index.
> ****************************************************************
> **********;
. use "$path/work/hhdata.dta", clear;

.         keep hhid strata reg_tpi spdomain news rural survmon sur
> vquar;

.         tab reg_tpi, miss;

    Regions |
   used for |
   temporal |
price index |
calculation |
          s |      Freq.     Percent        Cum.
------------+-----------------------------------
    Central |      2,100       28.28       28.28
    Eastern |      1,932       26.02       54.30
   Northern |      1,624       21.87       76.16
    Western |      1,770       23.84      100.00
------------+-----------------------------------
      Total |      7,426      100.00

.         tab survquar, miss;

  Sequential |
      Survey |
     Quarter |
    (May-Jul |
       05=1) |      Freq.     Percent        Cum.
-------------+-----------------------------------
  May-Jul 05 |      1,573       21.18       21.18
 Sept-Oct 05 |      2,280       30.70       51.89
 Nov05-Jan06 |      1,787       24.06       75.95
Feb-Apr 2006 |      1,786       24.05      100.00
-------------+-----------------------------------
       Total |      7,426      100.00

.         keep hhid spdomain reg_tpi survquar;

.         sort hhid;

.         tempfile spdomainreg_tpi;

. save `spdomainreg_tpi', replace;
(note: file C:\Users\TEMPLE~1\AppData\Local\Temp\ST_0l000001.tmp n
> ot found)
file C:\Users\TEMPLE~1\AppData\Local\Temp\ST_0l000001.tmp saved

. use "$path/work/conpc.dta", clear;

. *use "$path/work/consump_nom.dta", clear;
. *CA modified to merge in work/hhdata.dta for bootstrap;
.     sort hhid;

.     merge hhid using "$path/work/hhdata.dta";

.     tab _m;

     _merge |      Freq.     Percent        Cum.
------------+-----------------------------------
          1 |          1        0.01        0.01
          3 |      7,426       99.99      100.00
------------+-----------------------------------
      Total |      7,427      100.00

.     drop _m;

.         keep hhid hhweight hhsize cons_pc_nom ;

.         sort hhid;

.         merge hhid using `spdomainreg_tpi';
(label region already defined)
(label lsurvquar already defined)
(label lspdomain already defined)

.         tab _merge;

     _merge |      Freq.     Percent        Cum.
------------+-----------------------------------
          1 |          1        0.01        0.01
          3 |      7,426       99.99      100.00
------------+-----------------------------------
      Total |      7,427      100.00

.         drop _merge;

.         sort reg_tpi survquar;

.         merge reg_tpi survquar using "$path/work/temp_index_reg_
> tpi.dta";
variables reg_tpi survquar do not uniquely identify observations
    in the master data
(label lsurvquar already defined)
(label region already defined)

.         tab _merge;

     _merge |      Freq.     Percent        Cum.
------------+-----------------------------------
          1 |          1        0.01        0.01
          3 |      7,426       99.99      100.00
------------+-----------------------------------
      Total |      7,427      100.00

.         drop _merge;

.         sort hhid;

.         merge hhid using "$path/work/conpc.dta";

.         tab _merge;

     _merge |      Freq.     Percent        Cum.
------------+-----------------------------------
          3 |      7,427      100.00      100.00
------------+-----------------------------------
      Total |      7,427      100.00

.         drop _merge;

.         gen food_pc_tpi  = food_pc_nom /tpi_trim;
(12 missing values generated)

.         lab var food_pc_tpi "Temp-adjusted per capita food consu
> mption/day";

.                 gen cons_pc_tpi = food_pc_tpi + nf_pc_nom;
(12 missing values generated)

.         lab var cons_pc_tpi "Temp adjusted total consumption/day
> ";

.         gen one=1;

. * TPI deflated per capita consumption ;
.         tempfile contpi;

. save `contpi', replace;
(note: file C:\Users\TEMPLE~1\AppData\Local\Temp\ST_0l000002.tmp n
> ot found)
file C:\Users\TEMPLE~1\AppData\Local\Temp\ST_0l000002.tmp saved

. ****************************************************************
> **********
> * Calculate non-food expenditure for HH around the food poverty 
> line
> *
> * Develop a discrete triangular weighted distribution. This give
> s a
> * weight of  1 to HH at +/- 18-20% from food poverty line, and
> * weight of  2 to HH at +/- 16-18% from food poverty line, and .
> ..
> * weight of 10 to HH at +/-  0- 2% from food poverty line.
> * This weight is called triwt below.
> ****************************************************************
> **********;
. use `contpi';

.         sort spdomain;

.         merge spdomain using "$path/work/povline_food_flex.dta";
variable spdomain does not uniquely identify observations in the
    master data
(label lspdomain already defined)

.         tab _merge;

     _merge |      Freq.     Percent        Cum.
------------+-----------------------------------
          1 |          1        0.01        0.01
          3 |      7,426       99.99      100.00
------------+-----------------------------------
      Total |      7,427      100.00

.         drop _merge;

. gen     triwt = 0 ;

. replace triwt = 10 - round(abs(cons_pc_tpi/povline_f_flex-1))
>                 if abs(cons_pc_tpi/povline_f_flex-1)<=10;
(6512 real changes made)

.                                         * Nearness to poverty li
> ne and population weights ;
.         gen tripopwt=triwt*hhweight*hhsize;
(12 missing values generated)

.         preserve;

.                 collapse (mean) nf_pc_nom [aw=tripopwt] ,
>                         by(spdomain);

.                                         rename nf_pc_nom povline
> _na_flex;

.                 lab var povline_na_flex "Nonfood poverty line. F
> lexible bundle";

.                                 tempfile znf;

.                 sort spdomain;

.                 save `znf', replace;
(note: file C:\Users\TEMPLE~1\AppData\Local\Temp\ST_0l000004.tmp n
> ot found)
file C:\Users\TEMPLE~1\AppData\Local\Temp\ST_0l000004.tmp saved

.                 tab spdomain;

       Spatial |
 domains: each |
      with own |
  poverty line |
  (they are 9) |      Freq.     Percent        Cum.
---------------+-----------------------------------
       Kampala |          1       11.11       11.11
 Central urban |          1       11.11       22.22
 Central rural |          1       11.11       33.33
 Eastern urban |          1       11.11       44.44
 Eastern rural |          1       11.11       55.56
Northern urban |          1       11.11       66.67
Northern rural |          1       11.11       77.78
 Western urban |          1       11.11       88.89
 Western rural |          1       11.11      100.00
---------------+-----------------------------------
         Total |          9      100.00

.         restore;

.         sort spdomain;

.         merge spdomain using `znf';
variable spdomain does not uniquely identify observations in the
    master data
(label lspdomain already defined)

.         tab _merge;

     _merge |      Freq.     Percent        Cum.
------------+-----------------------------------
          1 |          1        0.01        0.01
          3 |      7,426       99.99      100.00
------------+-----------------------------------
      Total |      7,427      100.00

.         drop _merge;

. ****************************************************************
> **********;
. * Poverty line is the sum of the food and non-food poverty lines
> ****************************************************************
> **********;
.         gen povline_flex= povline_f_flex+ povline_na_flex;
(1 missing value generated)

.         lab var povline_flex "Poverty line. Flexible bundle";

.         sort spdomain;

. save "$path/work/povlines.dta", replace;
file C:\Users\Templeton\Desktop\GAPP\GAPP-UGANDA-HARUNA\UNHS_2005\
> GAPP2/work/povlines.dta saved

. ****************************************************************
> **********;
. * Create spatial price index, based on the total poverty line, w
> ith
> * adjustment so that mean (and total) nominal consumption equals
> * mean (and total) spatially deflated consumption.
> *
> * Choose arbitrary strata to be the base at first: we just use t
> he first stratum.
> ****************************************************************
> **********;
. use `contpi';

.         sort spdomain;

.         merge spdomain using "$path/work/povlines.dta";
variable spdomain does not uniquely identify observations in the
    master data
variable spdomain does not uniquely identify observations in
    C:\Users\Templeton\Desktop\GAPP\GAPP-UGANDA-HARUNA\UNHS_2005
    > \GAPP2/work/povlines.dta
(label region already defined)
(label lsurvquar already defined)
(label lspdomain already defined)

.         tab _merge;

     _merge |      Freq.     Percent        Cum.
------------+-----------------------------------
          3 |      7,427      100.00      100.00
------------+-----------------------------------
      Total |      7,427      100.00

.         drop _merge;

.         * Real consumption pc, temporally deflated ;
.         gen cr= cons_pc_tpi ;
(12 missing values generated)

.         * Poverty line;
.         gen linpob=povline_flex;
(1 missing value generated)

.         *qui sum linpob if spdomain==1, meanonly;
.         sum linpob if spdomain==3, meanonly;

.         global spi_base=r(mean);

.         * Spatial price index ;
.         gen spi=linpob/$spi_base;
(1 missing value generated)

.         * Real consumption pc, temporally and spatially deflated
>  ;
.         gen cr2=cr/spi;
(12 missing values generated)

.         qui sum cr [aw=hhweight*hhsize];

.         global sumcr=r(sum);

.         qui sum cr2 [aw=hhweight*hhsize];

.         global sumcr2=r(sum);

.         replace spi=spi*$sumcr2/$sumcr;
(7426 real changes made)

.         gen linpobr=linpob/spi;
(1 missing value generated)

.         replace cr2=cr/spi;
(7414 real changes made)

.         sum cr cr2 linpob linpobr [aw=hhweight*hhsize];

    Variable |     Obs      Weight        Mean   Std. Dev.       M
> in        Max
-------------+----------------------------------------------------
> -------------
          cr |    7415  30112959.1    1802.606   4426.056         
>  0     230336
         cr2 |    7415  30112959.1    1802.606   1711.665         
>  0   104953.9
      linpob |    7415  30112959.1    849.5441   1382.981   210.89
> 75   6365.695
     linpobr |    7415  30112959.1     866.738   .0000269   866.73
> 79    866.738

.         lab var cr      "Temporally-adjusted cons pc";

.         lab var cr2     "Spatially & temporally adjusted cons pc
> ";

.         lab var linpob  "Poverty line";

.         lab var linpobr "Real poverty line";

.         lab var spi     "Spatial price index";

. ****************************************************************
> **********
> * calculate poverty measures with the flexible food bundle
> ****************************************************************
> **********;
.         gen h = 100     if cr <=(linpob);
(6198 missing values generated)

.         replace  h = 0 if cr > (linpob);
(6198 real changes made)

.                         gen             pg      = ((linpob - cr 
> )/linpob) *100;
(12 missing values generated)

.         replace         pg      = 0             if h==0;
(6198 real changes made)

.         gen             spg     = ((( linpob - cr )/ linpob )^2)
> *100;
(12 missing values generated)

.         replace         spg     = 0             if h==0;
(6198 real changes made)

.         gen h_flex=h;

.         gen pg_flex=pg;
(1 missing value generated)

.         gen spg_flex=spg;
(1 missing value generated)

.         lab var h_flex   "Poverty headcount. Flex bundle";

.         lab var pg_flex  "Poverty gap. Flex bundle";

.         lab var spg_flex "Squared poverty gap. Flex bundle";

.         sort hhid;

.         merge hhid using "$path/work/hhdata.dta";
(label lspdomain already defined)
(label lsurvquar already defined)
(label region already defined)

.         tab _merge;

     _merge |      Freq.     Percent        Cum.
------------+-----------------------------------
          1 |          1        0.01        0.01
          3 |      7,426       99.99      100.00
------------+-----------------------------------
      Total |      7,427      100.00

.         drop if _merge~=3;
(1 observation deleted)

.         drop _merge;

.         gen popwt=hhsize*hhweight;
(11 missing values generated)

.                 * Stata 10.1 syntax ;
.         svyset , clear;

.         svyset [pweight=popwt] , str(strata) psu(psu);

      pweight: popwt
          VCE: linearized
  Single unit: missing
     Strata 1: strata
         SU 1: psu
        FPC 1: <zero>

.         svy: mean h_flex pg_flex spg_flex;
(running mean on estimation sample)

Survey: Mean estimation

Number of strata =      10        Number of obs    =      7415
Number of PSUs   =     305        Population size  =  30112959
                                  Design df        =       295

--------------------------------------------------------------
             |             Linearized
             |       Mean   Std. Err.     [95% Conf. Interval]
-------------+------------------------------------------------
      h_flex |   19.49904   .8049733      17.91482    21.08326
     pg_flex |   5.194434   .2740463        4.6551    5.733767
    spg_flex |   2.014692   .1362637       1.74652    2.282864
--------------------------------------------------------------

.         svy: mean h_flex pg_flex spg_flex , over(rural);
(running mean on estimation sample)

Survey: Mean estimation

Number of strata =      10        Number of obs    =      7415
Number of PSUs   =     305        Population size  =  30112959
                                  Design df        =       295

        Urban: rural = Urban
        Rural: rural = Rural

--------------------------------------------------------------
             |             Linearized
        Over |       Mean   Std. Err.     [95% Conf. Interval]
-------------+------------------------------------------------
h_flex       |
       Urban |   12.74072    1.70428      9.386628     16.0948
       Rural |   20.76933   .9515768       18.8966    22.64207
-------------+------------------------------------------------
pg_flex      |
       Urban |   3.100377   .4879078      2.140156    4.060598
       Rural |   5.588032    .319886      4.958484    6.217579
-------------+------------------------------------------------
spg_flex     |
       Urban |   1.216497   .2319771      .7599577    1.673037
       Rural |    2.16472    .157733      1.854296    2.475145
--------------------------------------------------------------

.         svy: mean h_flex pg_flex spg_flex , over(news);
(running mean on estimation sample)

Survey: Mean estimation

Number of strata =      10        Number of obs    =      7415
Number of PSUs   =     305        Population size  =  30112959
                                  Design df        =       295

      Central: news = Central
      Eastern: news = Eastern
     Northern: news = Northern
      Western: news = Western

--------------------------------------------------------------
             |             Linearized
        Over |       Mean   Std. Err.     [95% Conf. Interval]
-------------+------------------------------------------------
h_flex       |
     Central |   20.61104   1.318144      18.01688     23.2052
     Eastern |   12.88121   1.019687      10.87443      14.888
    Northern |   6.810286   1.021149      4.800626    8.819946
     Western |   34.29101   1.890962      30.56953     38.0125
-------------+------------------------------------------------
pg_flex      |
     Central |   5.385019   .3972106      4.603293    6.166744
     Eastern |   2.999522   .2806872      2.447119    3.551925
    Northern |   1.201982    .265269       .679922    1.724041
     Western |   10.14487   .7508549      8.667157    11.62258
-------------+------------------------------------------------
spg_flex     |
     Central |   2.027906   .1951957      1.643753    2.412058
     Eastern |   1.048836   .1325234      .7880246    1.309647
    Northern |    .345168   .0888405      .1703265    .5200095
     Western |   4.209418    .405191      3.411987    5.006849
--------------------------------------------------------------

.         svy: mean h_flex pg_flex spg_flex , over(reg_tpi);
(running mean on estimation sample)

Survey: Mean estimation

Number of strata =      10        Number of obs    =      7415
Number of PSUs   =     305        Population size  =  30112959
                                  Design df        =       295

      Central: reg_tpi = Central
      Eastern: reg_tpi = Eastern
     Northern: reg_tpi = Northern
      Western: reg_tpi = Western

--------------------------------------------------------------
             |             Linearized
        Over |       Mean   Std. Err.     [95% Conf. Interval]
-------------+------------------------------------------------
h_flex       |
     Central |   20.61104   1.318144      18.01688     23.2052
     Eastern |   12.88121   1.019687      10.87443      14.888
    Northern |   6.810286   1.021149      4.800626    8.819946
     Western |   34.29101   1.890962      30.56953     38.0125
-------------+------------------------------------------------
pg_flex      |
     Central |   5.385019   .3972106      4.603293    6.166744
     Eastern |   2.999522   .2806872      2.447119    3.551925
    Northern |   1.201982    .265269       .679922    1.724041
     Western |   10.14487   .7508549      8.667157    11.62258
-------------+------------------------------------------------
spg_flex     |
     Central |   2.027906   .1951957      1.643753    2.412058
     Eastern |   1.048836   .1325234      .7880246    1.309647
    Northern |    .345168   .0888405      .1703265    .5200095
     Western |   4.209418    .405191      3.411987    5.006849
--------------------------------------------------------------

.         svy: mean h_flex pg_flex spg_flex , over(strata);
(running mean on estimation sample)

Survey: Mean estimation

Number of strata =      10        Number of obs    =      7415
Number of PSUs   =     305        Population size  =  30112959
                                  Design df        =       295

      Kampala: strata = Kampala
    _subpop_2: strata = Central 1
    _subpop_3: strata = Central 2
    _subpop_4: strata = East Central
      Eastern: strata = Eastern
    _subpop_6: strata = Mid Northern
    _subpop_7: strata = North East
    _subpop_8: strata = West Nile
    _subpop_9: strata = Mid Western
   _subpop_10: strata = South Western

--------------------------------------------------------------
             |             Linearized
        Over |       Mean   Std. Err.     [95% Conf. Interval]
-------------+------------------------------------------------
h_flex       |
     Kampala |   12.17745   2.595074      7.070244    17.28465
   _subpop_2 |    21.3773   2.081487      17.28086    25.47375
   _subpop_3 |   23.86218    2.12623      19.67767    28.04668
   _subpop_4 |   9.712066   1.024256      7.696291    11.72784
     Eastern |   15.03361   1.930875      11.23358    18.83365
   _subpop_6 |   6.095805   1.357324       3.42454    8.767069
   _subpop_7 |   22.89207   3.874494      15.26692    30.51722
   _subpop_8 |   3.388888   .9286716      1.561227    5.216549
   _subpop_9 |   33.85809   2.075258       29.7739    37.94227
  _subpop_10 |   34.56505   2.786723      29.08068    40.04943
-------------+------------------------------------------------
pg_flex      |
     Kampala |   3.151795   .7715427       1.63337    4.670221
   _subpop_2 |    5.37582   .5683222      4.257341      6.4943
   _subpop_3 |    6.44795   .6930214      5.084058    7.811843
   _subpop_4 |   2.529355   .2930744      1.952574    3.106137
     Eastern |   3.080176   .5828248      1.933155    4.227197
   _subpop_6 |   1.023054   .3611934      .3122121    1.733897
   _subpop_7 |   5.130626   .7877944      3.580217    6.681036
   _subpop_8 |    .596864   .2431009      .1184322    1.075296
   _subpop_9 |   10.10908   1.072379      7.998595    12.21956
  _subpop_10 |   10.16752   1.020535      8.159073    12.17597
-------------+------------------------------------------------
spg_flex     |
     Kampala |    1.31899   .4407138       .451648    2.186331
   _subpop_2 |   1.913985   .2769796      1.368878    2.459091
   _subpop_3 |   2.471051   .3195649      1.842135    3.099967
   _subpop_4 |   .9172426   .1595306      .6032804    1.231205
     Eastern |    .995491   .2634456        .47702    1.513962
   _subpop_6 |   .2851102   .1184975      .0519026    .5183178
   _subpop_7 |    1.72121   .2696659      1.190497    2.251922
   _subpop_8 |   .2304822    .120127     -.0059323    .4668967
   _subpop_9 |   4.274707   .6961849      2.904589    5.644825
  _subpop_10 |   4.168091    .494565      3.194768    5.141413
--------------------------------------------------------------

.         svy: mean h_flex pg_flex spg_flex , over(spdomain);
(running mean on estimation sample)

Survey: Mean estimation

Number of strata =      10        Number of obs    =      7415
Number of PSUs   =     305        Population size  =  30112959
                                  Design df        =       295

      Kampala: spdomain = Kampala
    _subpop_2: spdomain = Central urban
    _subpop_3: spdomain = Central rural
    _subpop_4: spdomain = Eastern urban
    _subpop_5: spdomain = Eastern rural
    _subpop_6: spdomain = Northern urban
    _subpop_7: spdomain = Northern rural
    _subpop_8: spdomain = Western urban
    _subpop_9: spdomain = Western rural

--------------------------------------------------------------
             |             Linearized
        Over |       Mean   Std. Err.     [95% Conf. Interval]
-------------+------------------------------------------------
h_flex       |
     Kampala |   12.17745   2.595074      7.070244    17.28465
   _subpop_2 |   12.99763   5.455453      2.261093    23.73417
   _subpop_3 |   24.05533   1.834571      20.44482    27.66583
   _subpop_4 |   6.868955   2.214819      2.510107     11.2278
   _subpop_5 |   13.40252   1.097394      11.24281    15.56223
   _subpop_6 |   6.822285   2.329473      2.237793    11.40678
   _subpop_7 |   6.808166   1.185262      4.475526    9.140806
   _subpop_8 |   28.24222   2.492593      23.33671    33.14774
   _subpop_9 |   34.81181   2.026533      30.82352    38.80011
-------------+------------------------------------------------
pg_flex      |
     Kampala |   3.151795   .7715427       1.63337    4.670221
   _subpop_2 |   2.672806   1.528025     -.3344054    5.680018
   _subpop_3 |   6.398431   .5123632       5.39008    7.406781
   _subpop_4 |   1.197513   .4388681      .3338035    2.061222
   _subpop_5 |    3.15577   .3007454      2.563891    3.747648
   _subpop_6 |   1.244905   .5682642      .1265388     2.36327
   _subpop_7 |   1.194399   .3039556      .5962032    1.792595
   _subpop_8 |   8.133429   .9150025      6.332669    9.934189
   _subpop_9 |   10.31805   .8061404      8.731538    11.90457
-------------+------------------------------------------------
spg_flex     |
     Kampala |    1.31899   .4407138       .451648    2.186331
   _subpop_2 |   .9882316   .6353002     -.2620635    2.238527
   _subpop_3 |   2.375624   .2377312       1.90776    2.843488
   _subpop_4 |   .3338503   .1431922      .0520427     .615658
   _subpop_5 |    1.11083   .1428212      .8297527    1.391908
   _subpop_6 |   .3874582   .2139971     -.0336962    .8086127
   _subpop_7 |   .3376975   .0991275      .1426108    .5327842
   _subpop_8 |   3.325547   .4652096      2.409997    4.241097
   _subpop_9 |   4.285519   .4353746      3.428685    5.142353
--------------------------------------------------------------

.         compress;
survquar was float now byte
reg_tpi was float now byte
spdomain was float now byte
one was float now byte
triwt was float now byte
h was float now byte
h_flex was float now byte
region was float now byte
psu was int now byte
survmon was float now byte
strata was float now byte
rural was float now byte
news was float now byte
bswt was float now byte

.         sort hhid;

. save "$path/work/cons_real.dta" , replace;
file C:\Users\Templeton\Desktop\GAPP\GAPP-UGANDA-HARUNA\UNHS_2005\
> GAPP2/work/cons_real.dta saved

.         collapse  (mean) h_flex pg_flex spg_flex [aw=hhweight*hh
> size], by (strata);

. save "$path/work/povmeas.dta", replace;
file C:\Users\Templeton\Desktop\GAPP\GAPP-UGANDA-HARUNA\UNHS_2005\
> GAPP2/work/povmeas.dta saved

. *** HARUNA, the file Povmeas.dta gives the headcount poverty rat
> es using flexible food bundle without inflicting reveales prefer
> ences
> *** therefore specifications in line 226 of this do file have be
> en changed repeatedly to generate these counts for particular
> *** classifications of interest including strata spdomain region
>  urban/rural (urban) and national (done by removing the by comma
> nd 
> ****************************************************************
> **********
> * 130_povmeas_flex.do           (end)
> ****************************************************************
> **********;
. log close;
      name:  <unnamed>
       log:  C:\Users\Templeton\Desktop\GAPP\GAPP-UGANDA-HARUNA\UN
> HS_2005\GAPP2/rep/130_povmeas_flex.log
  log type:  text
 closed on:   2 Jul 2013, 15:04:36
------------------------------------------------------------------
