------------------------------------------------------------------
      name:  <unnamed>
       log:  C:\Users\Templeton\Desktop\GAPP\GAPP-UGANDA-HARUNA\UN
> HS_2005\GAPP2/rep/220_gen_results.log
  log type:  text
 opened on:   2 Jul 2013, 12:33:26

. set more off

. #delimit ;
delimiter now ;
. ****************************************************************
> *
> * 220_gen_results.do            (start)
> *
> * Do file to generate poverty and inequality results at various
> * levels of aggregation, and save the results for each 
> * bootstrap replication in a file.
> * NOTE: for some reason, -ineqdeco- doesn't generate results
> *       for GE(0), GE(1), GE(2), Gini, etc. when an "if" conditi
> on
> *               is used, so I'm using preserve/restore blocks fo
> r
> *               sub-groups instead.
> *               Also, saving results presented a few wrinkles, b
> ut
> *               doing it via matrices works.
> ****************************************************************
> *;
. /*
>         This file uses:
>                 work/povmeas_ent_flex.dta (the bootstrapped vers
> ion)
>                 out/bs_results.dta
>         
>         This file creates:
>                 out/bs_results.dta (updated)    
> */
> 
> 
> 
> 
> * Housecleaning;
. cap mat drop rep nat rur urb full;

. * Save the poverty lines in data file created for that purpose,;
. * and store in a matrix, for saving to a data file later.;
. use "$path/work/povmeas_ent_flex.dta", clear;
(Final data set. Official published poverty rates are calculated f
> rom this data s)

.         foreach reg of numlist 1/13 {;
  2.                 qui sum linpob if spdomain==`reg';
  3.                 global linpob`reg'=r(mean);
  4.         };

.         mat input rep=(0);

.         mat input linpob=($linpob1 $linpob2 $linpob3 $linpob4 $l
> inpob5 $linpob6 
>                 $linpob7 $linpob8 $linpob9 $linpob10 $linpob11 $
> linpob12 $linpob13);

.         mat linpob = rep, linpob;

.         mat colnames linpob = rep linpob1 linpob2 linpob3 linpob
> 4 linpob5 linpob6 
>                 linpob7 linpob8 linpob9 linpob10 linpob11 linpob
> 12 linpob13;

.         #delimit cr
delimiter now cr
. 
.         * Change poverty measures from percentage to index terms
> ;
.         gen h   = h_ent_   /100

.         gen pg  = pg_ent_m /100

.         gen spg = spg_ent_m/100

. 
.         * National figures;
.         sum h [aw=hhweight*hhsize]

    Variable |     Obs      Weight        Mean   Std. Dev.       M
> in        Max
-------------+----------------------------------------------------
> -------------
           h |    7415  30112959.1    .0341784   .1816995         
>  0          1

.         glob p0_nat=r(mean)

.         sum pg [aw=hhweight*hhsize]

    Variable |     Obs      Weight        Mean   Std. Dev.       M
> in        Max
-------------+----------------------------------------------------
> -------------
          pg |    7415  30112959.1    .0066128   .0455282         
>  0          1

.         glob p1_nat=r(mean)

.         sum spg [aw=hhweight*hhsize]

    Variable |     Obs      Weight        Mean   Std. Dev.       M
> in        Max
-------------+----------------------------------------------------
> -------------
         spg |    7415  30112959.1    .0021163   .0220294         
>  0          1

.         glob p2_nat=r(mean)

.         ineqdeco cr2 [aw=hhweight*hhsize]
(11 missing values generated)
 
Warning: cr2 has 1 values = 0. Not used in calculations
 
 
Percentile ratios for distribution of cr2: all valid obs.
------------------------------------------------------------
p90/p10  p90/p50  p10/p50  p75/p25  p75/p50  p25/p50
------------------------------------------------------------
  5.105    2.427    0.475    2.274    1.529    0.673
              
Generalized Entropy indices GE(a), where a = income difference
 sensitivity parameter, and Gini coefficient

------------------------------------------------------------------
  All obs |     GE(-1)      GE(0)      GE(1)      GE(2)       Gini
----------+-------------------------------------------------------
        0 |                                                       
------------------------------------------------------------------
   
Atkinson indices, A(e), where e > 0 is the inequality aversion par
> ameter

----------------------------------------------
  All obs |     A(0.5)        A(1)        A(2)
----------+-----------------------------------
          |    0.11826     0.21085     0.35331
----------------------------------------------

.         glob gini_nat=$S_gini

.         glob ge0_nat =$S_i0

.         glob ge1_nat =$S_i1

.         glob ge2_nat =$S_i2

.         mat input nat=($p0_nat $p1_nat $p2_nat $gini_nat $ge0_na
> t $ge1_nat $ge2_nat)

. 
.         * Rural figures;
.         preserve

.                 keep if rural==1
(1699 observations deleted)

.                 sum h [aw=hhweight*hhsize]

    Variable |     Obs      Weight        Mean   Std. Dev.       M
> in        Max
-------------+----------------------------------------------------
> -------------
           h |    5724  25348470.8    .0303897   .1716722         
>  0          1

.                 glob p0_rur=r(mean)

.                 sum pg [aw=hhweight*hhsize]

    Variable |     Obs      Weight        Mean   Std. Dev.       M
> in        Max
-------------+----------------------------------------------------
> -------------
          pg |    5724  25348470.8    .0055597   .0412788         
>  0          1

.                 glob p1_rur=r(mean)

.                 sum spg [aw=hhweight*hhsize]

    Variable |     Obs      Weight        Mean   Std. Dev.       M
> in        Max
-------------+----------------------------------------------------
> -------------
         spg |    5724  25348470.8    .0017346   .0195979         
>  0          1

.                 glob p2_rur=r(mean)

.                 ineqdeco cr2 [aw=hhweight*hhsize]
(3 missing values generated)
 
Warning: cr2 has 1 values = 0. Not used in calculations
 
 
Percentile ratios for distribution of cr2: all valid obs.
------------------------------------------------------------
p90/p10  p90/p50  p10/p50  p75/p25  p75/p50  p25/p50
------------------------------------------------------------
  4.668    2.310    0.495    2.158    1.488    0.690
              
Generalized Entropy indices GE(a), where a = income difference
 sensitivity parameter, and Gini coefficient

------------------------------------------------------------------
  All obs |     GE(-1)      GE(0)      GE(1)      GE(2)       Gini
----------+-------------------------------------------------------
        0 |                                                       
------------------------------------------------------------------
   
Atkinson indices, A(e), where e > 0 is the inequality aversion par
> ameter

----------------------------------------------
  All obs |     A(0.5)        A(1)        A(2)
----------+-----------------------------------
          |    0.10318     0.18665     0.31848
----------------------------------------------

.                 glob gini_rur=$S_gini

.                 glob ge0_rur =$S_i0

.                 glob ge1_rur =$S_i1

.                 glob ge2_rur =$S_i2

.         restore

.         mat input rur=($p0_rur $p1_rur $p2_rur $gini_rur $ge0_ru
> r $ge1_rur $ge2_rur)

. 
.         * Urban figures;
.         preserve

.                 keep if rural==0
(5727 observations deleted)

.                 sum h [aw=hhweight*hhsize]

    Variable |     Obs      Weight        Mean   Std. Dev.       M
> in        Max
-------------+----------------------------------------------------
> -------------
           h |    1691  4764488.22    .0543353   .2267451         
>  0          1

.                 glob p0_urb=r(mean)

.                 sum pg [aw=hhweight*hhsize]

    Variable |     Obs      Weight        Mean   Std. Dev.       M
> in        Max
-------------+----------------------------------------------------
> -------------
          pg |    1691  4764488.22    .0122159   .0632476         
>  0   .7808326

.                 glob p1_urb=r(mean)

.                 sum spg [aw=hhweight*hhsize]

    Variable |     Obs      Weight        Mean   Std. Dev.       M
> in        Max
-------------+----------------------------------------------------
> -------------
         spg |    1691  4764488.22    .0041471    .031929         
>  0   .6096997

.                 glob p2_urb=r(mean)

.                 ineqdeco cr2 [aw=hhweight*hhsize]
(8 missing values generated)
 
 
Percentile ratios for distribution of cr2: all valid obs.
------------------------------------------------------------
p90/p10  p90/p50  p10/p50  p75/p25  p75/p50  p25/p50
------------------------------------------------------------
  7.693    2.738    0.356    3.036    1.743    0.574
              
Generalized Entropy indices GE(a), where a = income difference
 sensitivity parameter, and Gini coefficient

------------------------------------------------------------------
  All obs |     GE(-1)      GE(0)      GE(1)      GE(2)       Gini
----------+-------------------------------------------------------
        0 |                                                       
------------------------------------------------------------------
   
Atkinson indices, A(e), where e > 0 is the inequality aversion par
> ameter

----------------------------------------------
  All obs |     A(0.5)        A(1)        A(2)
----------+-----------------------------------
          |    0.16309     0.29012     0.48210
----------------------------------------------

.                 glob gini_urb=$S_gini

.                 glob ge0_urb =$S_i0

.                 glob ge1_urb =$S_i1

.                 glob ge2_urb =$S_i2

.         restore

.         mat input urb=($p0_urb $p1_urb $p2_urb $gini_urb $ge0_ur
> b $ge1_urb $ge2_urb)

. 
.         * Assemble the matrix pieces and save this set of estima
> tes in the data file;
.                 #delimit;
delimiter now ;
.                 mat full= rep, nat, rur, urb;

.                 mat colnames full = rep 
>                                         p0_nat  p1_nat  p2_nat  
> gini_nat  ge0_nat  ge1_nat      ge2_nat
>                                         p0_rur  p1_rur  p2_rur  
> gini_rur  ge0_rur  ge1_rur      ge2_rur
>                                         p0_urb  p1_urb  p2_urb  
> gini_urb  ge0_urb  ge1_urb      ge2_urb;

.         #delimit cr
delimiter now cr
.         mat list full

full[1,22]
          rep     p0_nat     p1_nat     p2_nat   gini_nat
r1          0  .03417841  .00661284  .00211627          .

      ge0_nat    ge1_nat    ge2_nat     p0_rur     p1_rur
r1          .          .          .  .03038974  .00555968

       p2_rur   gini_rur    ge0_rur    ge1_rur    ge2_rur
r1  .00173455          .          .          .          .

       p0_urb     p1_urb     p2_urb   gini_urb    ge0_urb
r1  .05433525  .01221594  .00414712          .          .

      ge1_urb    ge2_urb
r1          .          .

. 
. 
. drop _all

. 
. svmat full , names(col)
number of observations will be reset to 1
Press any key to continue, or Break to abort
obs was 0, now 1

.         tempfile rep

.         compress
rep was float now byte
gini_nat was float now byte
ge0_nat was float now byte
ge1_nat was float now byte
ge2_nat was float now byte
gini_rur was float now byte
ge0_rur was float now byte
ge1_rur was float now byte
ge2_rur was float now byte
gini_urb was float now byte
ge0_urb was float now byte
ge1_urb was float now byte
ge2_urb was float now byte

. 
. 
. 
. 
. 
. ****************************************************************
> *
. * 220_gen_results.do            (end)
. ****************************************************************
> *;
. 
. log close
      name:  <unnamed>
       log:  C:\Users\Templeton\Desktop\GAPP\GAPP-UGANDA-HARUNA\UN
> HS_2005\GAPP2/rep/220_gen_results.log
  log type:  text
 closed on:   2 Jul 2013, 12:33:26
------------------------------------------------------------------
