-------------------------------------------------------------------------------------------
      name:  <unnamed>
       log:  C:\Users\Templeton\Desktop\GAPP\GAPP-UGANDA-HARUNA\ww-ug\10_MZ/rep/220_gen_res
> ults.log
  log type:  text
 opened on:  17 May 2013, 16:45:21

. set more off

. #delimit ;
delimiter now ;
. *****************************************************************
> * 220_gen_results.do            (start)
> *
> * Do file to generate poverty and inequality results at various
> * levels of aggregation, and save the results for each 
> * bootstrap replication in a file.
> * NOTE: for some reason, -ineqdeco- doesn't generate results
> *       for GE(0), GE(1), GE(2), Gini, etc. when an "if" condition
> *               is used, so I'm using preserve/restore blocks for
> *               sub-groups instead.
> *               Also, saving results presented a few wrinkles, but
> *               doing it via matrices works.
> *****************************************************************;
. /*
>         This file uses:
>                 work/povmeas_ent_flex.dta (the bootstrapped version)
>                 out/bs_results.dta
>         
>         This file creates:
>                 out/bs_results.dta (updated)    
> */
> 
> 
> 
> 
> * Housecleaning;
. cap mat drop rep nat rur urb full;

. * Save the poverty lines in data file created for that purpose,;
. * and store in a matrix, for saving to a data file later.;
. use "$path/work/povmeas_ent_flex.dta", clear;
(Final data set. Official published poverty rates are calculated from this data s)

.         foreach reg of numlist 1/13 {;
  2.                 qui sum linpob if spdomain==`reg';
  3.                 global linpob`reg'=r(mean);
  4.         };

.         mat input rep=(0);

.         mat input linpob=($linpob1 $linpob2 $linpob3 $linpob4 $linpob5 $linpob6 
>                 $linpob7 $linpob8 $linpob9 $linpob10 $linpob11 $linpob12 $linpob13);

.         mat linpob = rep, linpob;

.         mat colnames linpob = rep linpob1 linpob2 linpob3 linpob4 linpob5 linpob6 
>                 linpob7 linpob8 linpob9 linpob10 linpob11 linpob12 linpob13;

.         #delimit cr
delimiter now cr
. 
.         * Change poverty measures from percentage to index terms;
.         gen h   = h_ent_   /100

.         gen pg  = pg_ent_m /100

.         gen spg = spg_ent_m/100

. 
.         * National figures;
.         sum h [aw=hhweight*hhsize]

    Variable |     Obs      Weight        Mean   Std. Dev.       Min        Max
-------------+-----------------------------------------------------------------
           h |   10832  21537187.8    .5857103   .4926217          0          1

.         glob p0_nat=r(mean)

.         sum pg [aw=hhweight*hhsize]

    Variable |     Obs      Weight        Mean   Std. Dev.       Min        Max
-------------+-----------------------------------------------------------------
          pg |   10832  21537187.8    .2295273    .260276          0   .9696467

.         glob p1_nat=r(mean)

.         sum spg [aw=hhweight*hhsize]

    Variable |     Obs      Weight        Mean   Std. Dev.       Min        Max
-------------+-----------------------------------------------------------------
         spg |   10832  21537187.8    .1204201   .1820458          0   .9402147

.         glob p2_nat=r(mean)

.         ineqdeco cr2 [aw=hhweight*hhsize]
 
 
Percentile ratios for distribution of cr2: all valid obs.
------------------------------------------------------------
p90/p10  p90/p50  p10/p50  p75/p25  p75/p50  p25/p50
------------------------------------------------------------
  5.583    2.376    0.426    2.396    1.538    0.642
              
Generalized Entropy indices GE(a), where a = income difference
 sensitivity parameter, and Gini coefficient

----------------------------------------------------------------------
  All obs |     GE(-1)       GE(0)       GE(1)       GE(2)        Gini
----------+-----------------------------------------------------------
          |    0.40639     0.30418     0.37060     0.90575     0.41590
----------------------------------------------------------------------
   
Atkinson indices, A(e), where e > 0 is the inequality aversion parameter

----------------------------------------------
  All obs |     A(0.5)        A(1)        A(2)
----------+-----------------------------------
          |    0.15129     0.26227     0.44836
----------------------------------------------

.         glob gini_nat=$S_gini

.         glob ge0_nat =$S_i0

.         glob ge1_nat =$S_i1

.         glob ge2_nat =$S_i2

.         mat input nat=($p0_nat $p1_nat $p2_nat $gini_nat $ge0_nat $ge1_nat $ge2_nat)

. 
.         * Rural figures;
.         preserve

.                 keep if rural==1
(5223 observations deleted)

.                 sum h [aw=hhweight*hhsize]

    Variable |     Obs      Weight        Mean   Std. Dev.       Min        Max
-------------+-----------------------------------------------------------------
           h |    5609  14989379.8    .6159537   .4864123          0          1

.                 glob p0_rur=r(mean)

.                 sum pg [aw=hhweight*hhsize]

    Variable |     Obs      Weight        Mean   Std. Dev.       Min        Max
-------------+-----------------------------------------------------------------
          pg |    5609  14989379.8    .2427068   .2635541          0   .9696467

.                 glob p1_rur=r(mean)

.                 sum spg [aw=hhweight*hhsize]

    Variable |     Obs      Weight        Mean   Std. Dev.       Min        Max
-------------+-----------------------------------------------------------------
         spg |    5609  14989379.8     .128355   .1879227          0   .9402147

.                 glob p2_rur=r(mean)

.                 ineqdeco cr2 [aw=hhweight*hhsize]
 
 
Percentile ratios for distribution of cr2: all valid obs.
------------------------------------------------------------
p90/p10  p90/p50  p10/p50  p75/p25  p75/p50  p25/p50
------------------------------------------------------------
  5.081    2.177    0.429    2.313    1.491    0.645
              
Generalized Entropy indices GE(a), where a = income difference
 sensitivity parameter, and Gini coefficient

----------------------------------------------------------------------
  All obs |     GE(-1)       GE(0)       GE(1)       GE(2)        Gini
----------+-----------------------------------------------------------
          |    0.33891     0.23794     0.25653     0.48671     0.36467
----------------------------------------------------------------------
   
Atkinson indices, A(e), where e > 0 is the inequality aversion parameter

----------------------------------------------
  All obs |     A(0.5)        A(1)        A(2)
----------+-----------------------------------
          |    0.11390     0.21175     0.40399
----------------------------------------------

.                 glob gini_rur=$S_gini

.                 glob ge0_rur =$S_i0

.                 glob ge1_rur =$S_i1

.                 glob ge2_rur =$S_i2

.         restore

.         mat input rur=($p0_rur $p1_rur $p2_rur $gini_rur $ge0_rur $ge1_rur $ge2_rur)

. 
.         * Urban figures;
.         preserve

.                 keep if rural==0
(5609 observations deleted)

.                 sum h [aw=hhweight*hhsize]

    Variable |     Obs      Weight        Mean   Std. Dev.       Min        Max
-------------+-----------------------------------------------------------------
           h |    5223  6547807.95    .5164765   .4997763          0          1

.                 glob p0_urb=r(mean)

.                 sum pg [aw=hhweight*hhsize]

    Variable |     Obs      Weight        Mean   Std. Dev.       Min        Max
-------------+-----------------------------------------------------------------
          pg |    5223  6547807.95    .1993567   .2500489          0   .9510987

.                 glob p1_urb=r(mean)

.                 sum spg [aw=hhweight*hhsize]

    Variable |     Obs      Weight        Mean   Std. Dev.       Min        Max
-------------+-----------------------------------------------------------------
         spg |    5223  6547807.95    .1022556   .1664296          0   .9045888

.                 glob p2_urb=r(mean)

.                 ineqdeco cr2 [aw=hhweight*hhsize]
 
 
Percentile ratios for distribution of cr2: all valid obs.
------------------------------------------------------------
p90/p10  p90/p50  p10/p50  p75/p25  p75/p50  p25/p50
------------------------------------------------------------
  7.000    2.852    0.407    2.601    1.634    0.628
              
Generalized Entropy indices GE(a), where a = income difference
 sensitivity parameter, and Gini coefficient

----------------------------------------------------------------------
  All obs |     GE(-1)       GE(0)       GE(1)       GE(2)        Gini
----------+-----------------------------------------------------------
          |    0.50997     0.40087     0.50332     1.24568     0.48308
----------------------------------------------------------------------
   
Atkinson indices, A(e), where e > 0 is the inequality aversion parameter

----------------------------------------------
  All obs |     A(0.5)        A(1)        A(2)
----------+-----------------------------------
          |    0.19938     0.33026     0.50493
----------------------------------------------

.                 glob gini_urb=$S_gini

.                 glob ge0_urb =$S_i0

.                 glob ge1_urb =$S_i1

.                 glob ge2_urb =$S_i2

.         restore

.         mat input urb=($p0_urb $p1_urb $p2_urb $gini_urb $ge0_urb $ge1_urb $ge2_urb)

. 
.         * Assemble the matrix pieces and save this set of estimates in the data file;
.                 #delimit;
delimiter now ;
.                 mat full= rep, nat, rur, urb;

.                 mat colnames full = rep 
>                                         p0_nat  p1_nat  p2_nat  gini_nat  ge0_nat  ge1_na
> t      ge2_nat
>                                         p0_rur  p1_rur  p2_rur  gini_rur  ge0_rur  ge1_ru
> r      ge2_rur
>                                         p0_urb  p1_urb  p2_urb  gini_urb  ge0_urb  ge1_ur
> b      ge2_urb;

.         #delimit cr
delimiter now cr
.         mat list full

full[1,22]
          rep     p0_nat     p1_nat     p2_nat   gini_nat    ge0_nat    ge1_nat    ge2_nat
r1          0  .58571028  .22952732  .12042015  .41589981  .30418041    .370603  .90575349

       p0_rur     p1_rur     p2_rur   gini_rur    ge0_rur    ge1_rur    ge2_rur     p0_urb
r1  .61595366  .24270676  .12835497  .36466539  .23793785  .25652871  .48670551   .5164765

       p1_urb     p2_urb   gini_urb    ge0_urb    ge1_urb    ge2_urb
r1  .19935668  .10225557  .48307645  .40086523  .50332069  1.2456846

. 
. 
. drop _all

. 
. svmat full , names(col)
number of observations will be reset to 1
Press any key to continue, or Break to abort
obs was 0, now 1

.         tempfile rep

.         compress
rep was float now byte

. 
. 
. 
. 
. 
. *****************************************************************
. * 220_gen_results.do            (end)
. *****************************************************************;
. 
. log close
      name:  <unnamed>
       log:  C:\Users\Templeton\Desktop\GAPP\GAPP-UGANDA-HARUNA\ww-ug\10_MZ/rep/220_gen_res
> ults.log
  log type:  text
 closed on:  17 May 2013, 16:45:22
-------------------------------------------------------------------------------------------
