------------------------------------------------------------
      name:  <unnamed>
       log:  /home/bjvca/data/data/GAP/Haruna/UNPS_2011/GAPP
> 3//rep/010_initial.log
  log type:  text
 opened on:  23 Oct 2013, 16:01:26

. clear

. set more off

. #delimit ;
delimiter now ;
. **********************************************************
> ********************
> * 010_initial.do                (start)
> **********************************************************
> ********************;
. **********************************************************
> ********************
> * Purpose: Set some globals
> **********************************************************
> ********************;
. **********************************************************
> ********************
> * TPI basket
> **********************************************************
> ********************;
. * Number of items for Uganda i primarily set it to 30 on c
> onsidering a product for appearing over 1000 times on hous
> eholds menu min was 1085 and max was 6157 however the rele
> vant code in new is atvivated to take care of this automat
> ically;
. global product_tpi_n "30";

. * Code choose $product_tpi_n ;
. global product_tpi   "product_tpi==1";

. * Initial (arbitrary) quantile defining poor for price ind
> ex calculations.
> * Mozambique: bottom 60%. Vietnam: bottom 20%. Tanzania: b
> ottom 40% . Uganda: headcount 2009 24.5% ;
. global tpi_bottom "50";

.  * Set the number of regions in the TPI calc for Uganda ar
> e set to 4 as east central north and east;
. global n_tpi "4";

. * To reproduce the mozambique 10 numbers, the following gl
> obal should be commented out. It controls a line in 140_it
> erate.do 
> * where observations not measured in kg are dropped. For a
> ll other datasets, all observations should be converted to
>  kg's before
> * the toolkit is run. For all other datasets, this line sh
> ould therefore be included.
> global MZ "*";
. **********************************************************
> ********************
> * Initial (arbitrary) quantile defining the (relatively) p
> oor.
> **********************************************************
> ********************;
. global bottom "50";

. **********************************************************
> ********************
> * Number of iterations in 140_iterate.do
> **********************************************************
> ********************;
. global it_n "5";

. **********************************************************
> ********************
> * Set the number of regions in the spatial domain;
. **********************************************************
> ********************;
. global n_spdom "4";

. ******************* we deleted East urban (132 hhds), Nort
> h urban (172 hhds) and West urban (107 hhds) because too f
> ew observations were in those spatial domains;
.  *********************************************************
> *********************
> * Revealed preferences choices
> **********************************************************
> ********************;
. * Activate GAMS program according to number of regions in 
> spatial domain;
. *global revpref "190_revpref13_m1.bat";
. *global no_temp_rev " ";
. * k spatial regions and no intertemporal revealed preferen
> ce condition:
>   Activate the next two lines below;
. global no_temp_rev "*";

. global revpref "190_revpref13_r.bat";

.  *********************************************************
> *****************
> * 010_initial.do                (end)
> **********************************************************
> ****************;
. log close;
      name:  <unnamed>
       log:  /home/bjvca/data/data/GAP/Haruna/UNPS_2011/GAPP
> 3//rep/010_initial.log
  log type:  text
 closed on:  23 Oct 2013, 16:01:26
------------------------------------------------------------
