----------------------------------------------------------------------------------------------
      name:  <unnamed>
       log:  /home/bjvca/data/data/GAP/Haruna/UNPS_2005_06//rep/020_hhdata.log
  log type:  text
 opened on:  10 Mar 2014, 14:47:04

. clear

. set more off

. #delimit ;
delimiter now ;
. **************************************************************************
> * 020_hhdata.do         (start)
> *
> * Organize the hhid identifier in the HHData file the same way, and keep
> * only the relevant variables.
> *
> * This file sets:
> * - interview month, quarter and year
> * - regions: make all needed regions. But in the end only the one specified
> *            in initial.do are kept. These are
> *            - rural: 0=urban, 1=rural
> *            - news: speficifying North, East, West, South. But combinations
> *                    are also possible, eg. North-East, Center,...
> *            - reg_tpi: regions with own TPI
> *            - strata: strata regions
> *            - spdomain: spatial domains (regions with own poverty line)
> *            - news_ru_ur: combination of news and rural
> **************************************************************************;
. use "$path/in/hhdata.dta", clear;

. *recode spdomain 10=1 11=2 20=3 30=4 40=5 these have been set to five for Uganda to ensure h
> we have at least 1000 households per domain;
. tab spdomain, missing;

      Spatial |
domains: each |
     with own |
 poverty line |
 (they are 5) |      Freq.     Percent        Cum.
--------------+-----------------------------------
Central Urban |        460       14.73       14.73
Central Rural |        564       18.06       32.79
      Eastern |        697       22.32       55.11
     Northern |        695       22.25       77.36
      Western |        703       22.51       99.87
            . |          4        0.13      100.00
--------------+-----------------------------------
        Total |      3,123      100.00

.         sort hhid;

.         save "$path/work/hhdata.dta", replace;
file /home/bjvca/data/data/GAP/Haruna/UNPS_2005_06//work/hhdata.dta saved

.         sum;

    Variable |       Obs        Mean    Std. Dev.       Min        Max
-------------+--------------------------------------------------------
        hhid |      3123    2.43e+09    1.16e+09   1.01e+09   4.19e+09
          hh |         0
         psu |      3119    2.42e+07    1.16e+07   1.01e+07   4.15e+07
      region |      3119    2.345303    1.154947          1          4
    h1aq1_05 |      3119    241.3331    115.9545        101        415
-------------+--------------------------------------------------------
       h1aq1 |      3119     243.201    116.4849        101        419
       urban |      3119    .2757294    .4469527          0          1
tracking_s~e |      3119    .2055146    .4041419          0          1
    inidpcmp |      3119           2           0          2          2
      h1bq2a |      3119    16.73549    6.425793          3         31
-------------+--------------------------------------------------------
      h1bq2b |      3119    7.762744    1.607834          5         11
      h1bq2c |      3119    2005.357    .4790494       2005       2006
interview_~t |      3119    1.000321    .0179057          1          2
        wave |      3119           0           0          0          0
    hhweight |      3119    1673.657     752.607   140.8407   5553.862
-------------+--------------------------------------------------------
     stratum |      3119    3.711446    1.623898          1          6
    survquar |      3119    2.438602    1.384417          1          5
     survmon |      3119    6.258416     4.17765          1         14
      strata |      3119    4.414877    2.449958          1          8
       rural |      3119    .7242706    .4469527          0          1
-------------+--------------------------------------------------------
     reg_tpi |      3119    2.345303    1.154947          1          4
    spdomain |      3119     3.19782    1.362579          1          5
        news |      3119    2.345303    1.154947          1          4
        bswt |      3119           1           0          1          1
      hhsize |      3123    5.366314    3.108797          1         29

. use "$path/in/indata.dta", clear;

.         *sort hhid;
.         save "$path/work/indata.dta", replace;
file /home/bjvca/data/data/GAP/Haruna/UNPS_2005_06//work/indata.dta saved

.         sum;

    Variable |       Obs        Mean    Std. Dev.       Min        Max
-------------+--------------------------------------------------------
       indid |     16759    1.15e+12    1.25e+12   2.03e+11   4.61e+12
    motherhh |      8206           0           0          0          0
        hhid |     16759    2.47e+09    1.15e+09   1.01e+09   4.19e+09
         sex |     16759    1.511248    .4998884          1          2
         age |     16759    19.75619    17.18438          0        102

. use "$path/in/calperg.dta", clear;

.         *sort hhid;
.         save "$path/work/calperg.dta", replace;
file /home/bjvca/data/data/GAP/Haruna/UNPS_2005_06//work/calperg.dta saved

.         sum;

    Variable |       Obs        Mean    Std. Dev.       Min        Max
-------------+--------------------------------------------------------
     product |        62       130.5    18.04162        100        161
    descript |         0
     calperg |        62    1.980935    2.136932          0       8.84

. use "$path/in/cons_cod.dta", clear;

.                 save "$path/work/cons_cod.dta", replace;
file /home/bjvca/data/data/GAP/Haruna/UNPS_2005_06//work/cons_cod.dta saved

. use "$path/in/cons_cod_trans.dta", clear;

.                 save "$path/work/cons_cod_trans.dta", replace;
file /home/bjvca/data/data/GAP/Haruna/UNPS_2005_06//work/cons_cod_trans.dta saved

. /*
> use "$path/in/cons_cod_trans.dta", clear;
>         *sort hhid;
>         sum;
> for var value quantityd cod_hh_nom cod_hh_nom2 cod_hh_nom3: replace X=0 if X==.;
> collapse food_cat prod_cat (sum) value quantityd cod_hh_nom cod_hh_nom2 cod_hh_nom3, by(hhid
>  product descript);
>         save "$path/work/cons_cod.dta", replace;
>         sum;
> */
>  
> **************************************************************************
> * 020_hhdata.do         (end)
> **************************************************************************;
. cap log close;
