----------------------------------------------------------------------------------------------
      name:  <unnamed>
       log:  /home/bjvca/data/data/GAP/Haruna/UNPS_2005_06//rep/120_povline_food_flex.log
  log type:  text
 opened on:  10 Mar 2014, 14:47:27

. clear

. set more off

. #delimit ;
delimiter now ;
. **************************************************************************
> * 120_povline_food_flex.do      (start)
> *
> * Use the file with the food basket (food_basket_flex), which is in shares. 
> * Then merge it with the prices file, and then with the calories file.
> * Along the way, drop those observations where we have no price information
> * or no calorie information.
> **************************************************************************;
. /*
> This file uses:
>         work/food_basket_flex.dta
>         work/price_unit_flex.dta
>         work/calperg.dta
>         work/calpp.dta
> 
> This file creates:
>         work/povline_flex.dta
> */
> 
> 
> * start with the quantity information;
. use "$path/work/food_basket_flex.dta";

.         sort product spdomain;

.         * merge in price information;
.         merge product spdomain using "$path/work/price_unit_flex.dta";
(label lspdomain already defined)

.         tab _merge;

     _merge |      Freq.     Percent        Cum.
------------+-----------------------------------
          1 |          6        3.16        3.16
          2 |         63       33.16       36.32
          3 |        121       63.68      100.00
------------+-----------------------------------
      Total |        190      100.00

.         list product spdomain if _merge==1;

     +-------------------------+
     | product        spdomain |
     |-------------------------|
122. |     157   Central Urban |
123. |     157   Central Rural |
124. |     157         Eastern |
125. |     161   Central Urban |
126. |     161         Eastern |
     |-------------------------|
127. |     161        Northern |
     +-------------------------+

.         drop if _merge ~=3;
(69 observations deleted)

.         drop _merge;

.         sort product;

.         * merge in information on calories per gram;
.         merge product using "$path/work/calperg.dta";
variable product does not uniquely identify observations in the master data

.         tab _merge;

     _merge |      Freq.     Percent        Cum.
------------+-----------------------------------
          2 |         25       17.12       17.12
          3 |        121       82.88      100.00
------------+-----------------------------------
      Total |        146      100.00

.         * This tells where we are lacking calorie info or are lacking quantity info due to 
>         * missing price info above;
.         list product spdomain if _merge==1;

.         drop if _merge~=3;
(25 observations deleted)

.         drop _merge;

.         sort spdomain f_share_w;

.                 * CA modified to handle bootstrap counting;
.         * determine if any quantity has fewer than 10 price observations;
.         by spdomain: count if round(bswt)<10;

----------------------------------------------------------------------------------------------
-> spdomain = Central Urban
    0
----------------------------------------------------------------------------------------------
-> spdomain = Central Rural
    0
----------------------------------------------------------------------------------------------
-> spdomain = Eastern
    0
----------------------------------------------------------------------------------------------
-> spdomain = Northern
    0
----------------------------------------------------------------------------------------------
-> spdomain = Western
    0

.         drop if round(bswt) < 10;
(0 observations deleted)

.         by spdomain: egen baskshr=sum(f_share_w);

.         by spdomain: gen cumshr1=sum(f_share_w);

.         * bundle was cut at 92.5 percent- cut back to 90 percent if necessary;
.         drop if cumshr1<=baskshr-.9;
(6 observations deleted)

.         * reobtain the share represented from the average basket- should be slightly more th
> an 90;
.         drop baskshr;

.         by spdomain: egen baskshr=sum(f_share_w);

.         by spdomain: sum baskshr;

----------------------------------------------------------------------------------------------
-> spdomain = Central Urban

    Variable |       Obs        Mean    Std. Dev.       Min        Max
-------------+--------------------------------------------------------
     baskshr |        20    .8686488           0   .8686488   .8686488

----------------------------------------------------------------------------------------------
-> spdomain = Central Rural

    Variable |       Obs        Mean    Std. Dev.       Min        Max
-------------+--------------------------------------------------------
     baskshr |        21    .9048939           0   .9048939   .9048939

----------------------------------------------------------------------------------------------
-> spdomain = Eastern

    Variable |       Obs        Mean    Std. Dev.       Min        Max
-------------+--------------------------------------------------------
     baskshr |        27    .9076297           0   .9076297   .9076297

----------------------------------------------------------------------------------------------
-> spdomain = Northern

    Variable |       Obs        Mean    Std. Dev.       Min        Max
-------------+--------------------------------------------------------
     baskshr |        25    .9019189           0   .9019189   .9019189

----------------------------------------------------------------------------------------------
-> spdomain = Western

    Variable |       Obs        Mean    Std. Dev.       Min        Max
-------------+--------------------------------------------------------
     baskshr |        22    .9024827           0   .9024827   .9024827


.         * obtain quantities and calories provided by these quantities;
.         gen quan=f_share_w/price_unitw;

.                         /* how many g in 1 MT exp on food item */
>         gen cal_ir=quan*calperg;

.                                 /* how many cal in 1 MT exp on food item */
>         by spdomain: egen calreg=sum(cal_ir);

.         /* how many cal in 1 MT exp in food basket*/
> 
>         * merge in calorie requirements;
.         sort spdomain;

.         merge spdomain using "$path/work/calpp.dta";
variable spdomain does not uniquely identify observations in the master data

.         tab _merge;

     _merge |      Freq.     Percent        Cum.
------------+-----------------------------------
          3 |        115      100.00      100.00
------------+-----------------------------------
      Total |        115      100.00

.         drop _merge;

.         * get the expansion factor to hit 95% of calorie requirements;
.         gen ratio=.95*calpp/calreg;

.                         replace quan=quan*ratio;
(115 real changes made)

.         replace cal_ir=quan*calperg;
(109 real changes made)

.         * do a consistency check;
.         sort spdomain;

.         by spdomain: egen chkcal=sum(cal_ir);

.         replace chkcal=chkcal/.95-calpp ;
(115 real changes made)

.                         * these values should be about zero;
.         by spdomain: sum chkcal;

----------------------------------------------------------------------------------------------
-> spdomain = Central Urban

    Variable |       Obs        Mean    Std. Dev.       Min        Max
-------------+--------------------------------------------------------
      chkcal |        20   -.0001542           0  -.0001542  -.0001542

----------------------------------------------------------------------------------------------
-> spdomain = Central Rural

    Variable |       Obs        Mean    Std. Dev.       Min        Max
-------------+--------------------------------------------------------
      chkcal |        21    .0000771           0   .0000771   .0000771

----------------------------------------------------------------------------------------------
-> spdomain = Eastern

    Variable |       Obs        Mean    Std. Dev.       Min        Max
-------------+--------------------------------------------------------
      chkcal |        27   -.0000514           0  -.0000514  -.0000514

----------------------------------------------------------------------------------------------
-> spdomain = Northern

    Variable |       Obs        Mean    Std. Dev.       Min        Max
-------------+--------------------------------------------------------
      chkcal |        25   -.0000257           0  -.0000257  -.0000257

----------------------------------------------------------------------------------------------
-> spdomain = Western

    Variable |       Obs        Mean    Std. Dev.       Min        Max
-------------+--------------------------------------------------------
      chkcal |        22    .0000385           0   .0000385   .0000385


.         * obtain the value of each good in the bundle;
.         gen val_ir=quan*price_unitw;

.         * the sum of the value of the goods in the bundle is assumed to represent 90% of exp
> enditure;
.         by spdomain: egen povline_f_flex90=sum(val_ir);

.         replace povline_f_flex=povline_f_flex90/.9;
(115 real changes made)

.         collapse (mean) povline_f_flex, by (spdomain);

.                 lab var povline_f_flex "Food poverty line. Flexible basket";

.         sort spdomain;

.         keep spdomain povline_f_flex;

. save "$path/work/povline_food_flex.dta", replace;
file /home/bjvca/data/data/GAP/Haruna/UNPS_2005_06//work/povline_food_flex.dta saved

. /*
> * To be used in 140_iterate.do;
> gen cutoff = 1.5 * povline_f_flex;
> keep spdomain cutoff;
> save "$path/work/povlines_first_iterate.dta", replace;
> */
> 
> **************************************************************************
> * 120_povline_food_flex.do      (end)
> **************************************************************************;
. log close;
      name:  <unnamed>
       log:  /home/bjvca/data/data/GAP/Haruna/UNPS_2005_06//rep/120_povline_food_flex.log
  log type:  text
 closed on:  10 Mar 2014, 14:47:27
----------------------------------------------------------------------------------------------
