----------------------------------------------------------------------------------------------
      name:  <unnamed>
       log:  /home/bjvca/data/data/GAP/Haruna/UNPS_2005_06//rep/220_gen_results.log
  log type:  text
 opened on:  10 Mar 2014, 14:55:46

. set more off

. #delimit ;
delimiter now ;
. *****************************************************************
> * 220_gen_results.do            (start)
> *
> * Do file to generate poverty and inequality results at various
> * levels of aggregation, and save the results for each 
> * bootstrap replication in a file.
> * NOTE: for some reason, -ineqdeco- doesn't generate results
> *       for GE(0), GE(1), GE(2), Gini, etc. when an "if" condition
> *               is used, so I'm using preserve/restore blocks for
> *               sub-groups instead.
> *               Also, saving results presented a few wrinkles, but
> *               doing it via matrices works.
> *****************************************************************;
. /*
>         This file uses:
>                 work/povmeas_ent_flex.dta (the bootstrapped version)
>                 out/bs_results.dta
>         
>         This file creates:
>                 out/bs_results.dta (updated)    
> */
> 
> 
> 
> 
> * Housecleaning;
. cap mat drop rep nat rur urb full;

. * Save the poverty lines in data file created for that purpose,;
. * and store in a matrix, for saving to a data file later.;
. use "$path/work/povmeas_ent_flex.dta", clear;
(Final data set. Official published poverty rates are calculated from this data s)

.         foreach reg of numlist 1/13 {;
  2.                 qui sum linpob if spdomain==`reg';
  3.                 global linpob`reg'=r(mean);
  4.         };

.         mat input rep=(0);

.         mat input linpob=($linpob1 $linpob2 $linpob3 $linpob4 $linpob5 $linpob6 
>                 $linpob7 $linpob8 $linpob9 $linpob10 $linpob11 $linpob12 $linpob13);

.         mat linpob = rep, linpob;

.         mat colnames linpob = rep linpob1 linpob2 linpob3 linpob4 linpob5 linpob6 
>                 linpob7 linpob8 linpob9 linpob10 linpob11 linpob12 linpob13;

.         #delimit cr
delimiter now cr
. 
.         * Change poverty measures from percentage to index terms;
.         gen h   = h_ent_   /100

.         gen pg  = pg_ent_m /100
(4 missing values generated)

.         gen spg = spg_ent_m/100
(4 missing values generated)

. 
.         * National figures;
.         sum h [aw=hhweight*hhsize]

    Variable |     Obs      Weight        Mean   Std. Dev.       Min        Max
-------------+-----------------------------------------------------------------
           h |    3119  28164219.1    .1636014   .3699728          0          1

.         glob p0_nat=r(mean)

.         sum pg [aw=hhweight*hhsize]

    Variable |     Obs      Weight        Mean   Std. Dev.       Min        Max
-------------+-----------------------------------------------------------------
          pg |    3119  28164219.1    .0372327   .1085248          0   .7108805

.         glob p1_nat=r(mean)

.         sum spg [aw=hhweight*hhsize]

    Variable |     Obs      Weight        Mean   Std. Dev.       Min        Max
-------------+-----------------------------------------------------------------
         spg |    3119  28164219.1    .0131601   .0494596          0    .505351

.         glob p2_nat=r(mean)

.         ineqdeco cr2 [aw=hhweight*hhsize]
(4 missing values generated)
 
 
Percentile ratios for distribution of cr2: all valid obs.
------------------------------------------------------------
p90/p10  p90/p50  p10/p50  p75/p25  p75/p50  p25/p50
------------------------------------------------------------
  5.508    2.629    0.477    2.353    1.562    0.664
              
Generalized Entropy indices GE(a), where a = income difference
 sensitivity parameter, and Gini coefficient

----------------------------------------------------------------------
  All obs |     GE(-1)       GE(0)       GE(1)       GE(2)        Gini
----------+-----------------------------------------------------------
        0 |                                                           
----------------------------------------------------------------------
   
Atkinson indices, A(e), where e > 0 is the inequality aversion parameter

----------------------------------------------
  All obs |     A(0.5)        A(1)        A(2)
----------+-----------------------------------
          |    0.13060     0.23063     0.37389
----------------------------------------------

.         glob gini_nat=$S_gini

.         glob ge0_nat =$S_i0

.         glob ge1_nat =$S_i1

.         glob ge2_nat =$S_i2

.         mat input nat=($p0_nat $p1_nat $p2_nat $gini_nat $ge0_nat $ge1_nat $ge2_nat)

. 
.         * Rural figures;
.         preserve

.                 keep if rural==1
(864 observations deleted)

.                 sum h [aw=hhweight*hhsize]

    Variable |     Obs      Weight        Mean   Std. Dev.       Min        Max
-------------+-----------------------------------------------------------------
           h |    2259    23301450    .1922257   .3941367          0          1

.                 glob p0_rur=r(mean)

.                 sum pg [aw=hhweight*hhsize]

    Variable |     Obs      Weight        Mean   Std. Dev.       Min        Max
-------------+-----------------------------------------------------------------
          pg |    2259    23301450    .0435443   .1158432          0   .6578453

.                 glob p1_rur=r(mean)

.                 sum spg [aw=hhweight*hhsize]

    Variable |     Obs      Weight        Mean   Std. Dev.       Min        Max
-------------+-----------------------------------------------------------------
         spg |    2259    23301450    .0153098    .052505          0   .4327604

.                 glob p2_rur=r(mean)

.                 ineqdeco cr2 [aw=hhweight*hhsize]
 
 
Percentile ratios for distribution of cr2: all valid obs.
------------------------------------------------------------
p90/p10  p90/p50  p10/p50  p75/p25  p75/p50  p25/p50
------------------------------------------------------------
  4.224    2.143    0.507    2.169    1.489    0.686
              
Generalized Entropy indices GE(a), where a = income difference
 sensitivity parameter, and Gini coefficient

----------------------------------------------------------------------
  All obs |     GE(-1)       GE(0)       GE(1)       GE(2)        Gini
----------+-----------------------------------------------------------
        0 |                                                           
----------------------------------------------------------------------
   
Atkinson indices, A(e), where e > 0 is the inequality aversion parameter

----------------------------------------------
  All obs |     A(0.5)        A(1)        A(2)
----------+-----------------------------------
          |    0.09799     0.17728     0.30142
----------------------------------------------

.                 glob gini_rur=$S_gini

.                 glob ge0_rur =$S_i0

.                 glob ge1_rur =$S_i1

.                 glob ge2_rur =$S_i2

.         restore

.         mat input rur=($p0_rur $p1_rur $p2_rur $gini_rur $ge0_rur $ge1_rur $ge2_rur)

. 
.         * Urban figures;
.         preserve

.                 keep if rural==0
(2263 observations deleted)

.                 sum h [aw=hhweight*hhsize]

    Variable |     Obs      Weight        Mean   Std. Dev.       Min        Max
-------------+-----------------------------------------------------------------
           h |     860  4862769.14    .0264393   .1605312          0          1

.                 glob p0_urb=r(mean)

.                 sum pg [aw=hhweight*hhsize]

    Variable |     Obs      Weight        Mean   Std. Dev.       Min        Max
-------------+-----------------------------------------------------------------
          pg |     860  4862769.14     .006989   .0530444          0   .7108805

.                 glob p1_urb=r(mean)

.                 sum spg [aw=hhweight*hhsize]

    Variable |     Obs      Weight        Mean   Std. Dev.       Min        Max
-------------+-----------------------------------------------------------------
         spg |     860  4862769.14    .0028593   .0288498          0    .505351

.                 glob p2_urb=r(mean)

.                 ineqdeco cr2 [aw=hhweight*hhsize]
 
 
Percentile ratios for distribution of cr2: all valid obs.
------------------------------------------------------------
p90/p10  p90/p50  p10/p50  p75/p25  p75/p50  p25/p50
------------------------------------------------------------
  5.918    2.471    0.418    2.840    1.722    0.606
              
Generalized Entropy indices GE(a), where a = income difference
 sensitivity parameter, and Gini coefficient

----------------------------------------------------------------------
  All obs |     GE(-1)       GE(0)       GE(1)       GE(2)        Gini
----------+-----------------------------------------------------------
        0 |                                                           
----------------------------------------------------------------------
   
Atkinson indices, A(e), where e > 0 is the inequality aversion parameter

----------------------------------------------
  All obs |     A(0.5)        A(1)        A(2)
----------+-----------------------------------
          |    0.12136     0.22492     0.39471
----------------------------------------------

.                 glob gini_urb=$S_gini

.                 glob ge0_urb =$S_i0

.                 glob ge1_urb =$S_i1

.                 glob ge2_urb =$S_i2

.         restore

.         mat input urb=($p0_urb $p1_urb $p2_urb $gini_urb $ge0_urb $ge1_urb $ge2_urb)

. 
.         * Assemble the matrix pieces and save this set of estimates in the data file;
.                 #delimit;
delimiter now ;
.                 mat full= rep, nat, rur, urb;

.                 mat colnames full = rep 
>                                         p0_nat  p1_nat  p2_nat  gini_nat  ge0_nat  ge1_nat  
>     ge2_nat
>                                         p0_rur  p1_rur  p2_rur  gini_rur  ge0_rur  ge1_rur  
>     ge2_rur
>                                         p0_urb  p1_urb  p2_urb  gini_urb  ge0_urb  ge1_urb  
>     ge2_urb;

.         #delimit cr
delimiter now cr
.         mat list full

full[1,22]
          rep     p0_nat     p1_nat     p2_nat   gini_nat    ge0_nat    ge1_nat    ge2_nat
r1          0  .16360139  .03723273  .01316012          .          .          .          .

       p0_rur     p1_rur     p2_rur   gini_rur    ge0_rur    ge1_rur    ge2_rur     p0_urb
r1  .19222568  .04354427   .0153098          .          .          .          .  .02643933

       p1_urb     p2_urb   gini_urb    ge0_urb    ge1_urb    ge2_urb
r1  .00698904  .00285929          .          .          .          .

. 
. 
. drop _all

. 
. svmat full , names(col)
number of observations will be reset to 1
Press any key to continue, or Break to abort
obs was 0, now 1

.         tempfile rep

.         compress
rep was float now byte
gini_nat was float now byte
ge0_nat was float now byte
ge1_nat was float now byte
ge2_nat was float now byte
gini_rur was float now byte
ge0_rur was float now byte
ge1_rur was float now byte
ge2_rur was float now byte
gini_urb was float now byte
ge0_urb was float now byte
ge1_urb was float now byte
ge2_urb was float now byte

. 
. 
. 
. 
. 
. *****************************************************************
. * 220_gen_results.do            (end)
. *****************************************************************;
. 
. log close
      name:  <unnamed>
       log:  /home/bjvca/data/data/GAP/Haruna/UNPS_2005_06//rep/220_gen_results.log
  log type:  text
 closed on:  10 Mar 2014, 14:55:46
----------------------------------------------------------------------------------------------
