-------------------------------------------------------------------------------------------
      name:  <unnamed>
       log:  C:\Users\Templeton\Desktop\GAPP\GAPP-UGANDA-HARUNA/rep/020_hhdata.log
  log type:  text
 opened on:   6 May 2013, 13:52:57

. clear

. set more off

. #delimit ;
delimiter now ;
. **************************************************************************
> * 020_hhdata.do         (start)
> *
> * Organize the hhid identifier in the HHData file the same way, and keep
> * only the relevant variables.
> *
> * This file sets:
> * - interview month, quarter and year
> * - regions: make all needed regions. But in the end only the one specified
> *            in initial.do are kept. These are
> *            - rural: 0=urban, 1=rural
> *            - news: speficifying North, East, West, South. But combinations
> *                    are also possible, eg. North-East, Center,...
> *            - reg_tpi: regions with own TPI
> *            - strata: strata regions
> *            - spdomain: spatial domains (regions with own poverty line)
> *            - news_ru_ur: combination of news and rural
> **************************************************************************;
. use "$path\in\hhdata.dta", clear;

. *mah;
. *temporary solution. news instead of spdomain;
. **replace spdomain=news;
. *recode spdomain 10=1 11=2 20=3 30=4 40=5;
. tab spdomain, missing;

     spdomain |      Freq.     Percent        Cum.
--------------+-----------------------------------
Central rural |      1,177       17.37       17.37
Central urban |        809       11.94       29.31
      Eastern |      1,406       20.75       50.07
     Northern |      1,956       28.87       78.94
      Western |      1,427       21.06      100.00
--------------+-----------------------------------
        Total |      6,775      100.00

.         sort hhid;

.         save "$path\work\hhdata.dta", replace;
file C:\Users\Templeton\Desktop\GAPP\GAPP-UGANDA-HARUNA\work\hhdata.dta saved

.         sum;

    Variable |       Obs        Mean    Std. Dev.       Min        Max
-------------+--------------------------------------------------------
        hhid |      6775    2.51e+09    1.13e+09   1.01e+09   4.19e+09
      strata |      6775    5.551734    2.873672          1         10
        mult |      6775    919.0598    636.8381   26.67222   10279.15
      region |      6775    2.416827    1.118389          1          4
       urban |      6775    .1800738    .3842773          0          1
-------------+--------------------------------------------------------
    district |      6775    250.5169    112.9571        101        419
       rmult |      6775    919.0713    636.8355         27      10279
      hhsize |      6775        4.96     2.75857          1         24
     welfare |      6775    73089.98    95260.67   2034.431    1932420
    hhweight |      6775    4533.332    4304.242         54      92511
-------------+--------------------------------------------------------
      poor09 |      6775      .23631    .4248461          0          1
         day |      6775    14.08576    7.581748          1         31
       month |      6775    6.686199    3.405931          1         12
        Year |      6775    2009.336    .4722506       2009       2010
       h1bq8 |      6775    1.005018    .0706683          1          2
-------------+--------------------------------------------------------
         psu |      6775     365.894     201.698          1        712
    survquar |      6775    2.499336    1.144024          1          4
     survmon |      6775    6.713948     3.34507          1         12
       rural |      6775    .8199262    .3842773          0          1
        news |      6775    2.416827    1.118389          1          4
-------------+--------------------------------------------------------
     reg_tpi |      6775    1.180074    .3842773          1          2
        bswt |      6775           1           0          1          1
    spdomain |      6775      3.2431    1.373578          1          5

. use "$path\in\indata.dta", clear;

.         *sort hhid;
.         save "$path\work\indata.dta", replace;
file C:\Users\Templeton\Desktop\GAPP\GAPP-UGANDA-HARUNA\work\indata.dta saved

.         sum;

    Variable |       Obs        Mean    Std. Dev.       Min        Max
-------------+--------------------------------------------------------
       indid |     35945    2.57e+11    1.10e+11   1.01e+11   4.19e+11
    motherhh |     20045    .7825892    .4124947          0          1
        hhid |     35945    2.57e+09    1.10e+09   1.01e+09   4.19e+09
         sex |     35945     1.50861    .4999328          1          2
         age |     34840    19.51099    17.41519          0         98

. use "$path\in\calperg.dta", clear;

.         *sort hhid;
.         save "$path\work\calperg.dta", replace;
file C:\Users\Templeton\Desktop\GAPP\GAPP-UGANDA-HARUNA\work\calperg.dta saved

.         sum;

    Variable |       Obs        Mean    Std. Dev.       Min        Max
-------------+--------------------------------------------------------
     product |        62       130.5    18.04162        100        161
    descript |         0
     calperg |        62    1.980716    2.136812          0       8.84

. use "$path\in\cons_cod.dta", clear;

.         *sort hhid;
.         save "$path\work\cons_cod.dta", replace;
file C:\Users\Templeton\Desktop\GAPP\GAPP-UGANDA-HARUNA\work\cons_cod.dta saved

.         sum;

    Variable |       Obs        Mean    Std. Dev.       Min        Max
-------------+--------------------------------------------------------
        hhid |    412045    2.48e+09    1.13e+09   1.01e+09   4.19e+09
     product |    412045    810.2635    358.1243        100        999
    food_cat |    412045    1.782558    .4125064          1          2
    prod_cat |    412045    1.782558    .4125064          1          2
    descript |    322449           2           0          2          2
-------------+--------------------------------------------------------
       untcd |     88138    44.41037    30.53397          1         85
   quantityd |     89596     .779464    3.170331          0   364.2857
 cod_hh_nom3 |     89596     383.356    648.4919          0      18500
  cod_hh_nom |    412045    1602.923    615777.4          0   3.95e+08
 cod_hh_nom2 |    252585    2614.436    786487.2   .0027397   3.95e+08

. use "$path\in\cons_cod_trans.dta", clear;

.         *sort hhid;
.         save "$path\work\cons_cod_trans.dta", replace;
file C:\Users\Templeton\Desktop\GAPP\GAPP-UGANDA-HARUNA\work\cons_cod_trans.dta saved

.         sum;

    Variable |       Obs        Mean    Std. Dev.       Min        Max
-------------+--------------------------------------------------------
        hhid |     89596    2.45e+09    1.13e+09   1.01e+09   4.19e+09
     product |     89596    131.0155     15.7293        100        161
       untcd |     88138    44.41037    30.53397          1         85
        unit |     89596           1           0          1          1
    food_cat |     89596           1           0          1          1
-------------+--------------------------------------------------------
   quantityz |     89596     .779464    3.170331          0   364.2857
      valuez |     89596     383.356    648.4919          0      18500

. /*
> use "$path\in\cons_cod_trans.dta", clear;
>         *sort hhid;
>         sum;
> for var value quantityd cod_hh_nom cod_hh_nom2 cod_hh_nom3: replace X=0 if X==.;
> collapse food_cat prod_cat (sum) value quantityd cod_hh_nom cod_hh_nom2 cod_hh_nom3, by(h
> hid product descript);
>         save "$path\work\cons_cod.dta", replace;
>         sum;
> */
>  
> **************************************************************************
> * 020_hhdata.do         (end)
> **************************************************************************;
. cap log close;
