-------------------------------------------------------------------------------------
      name:  <unnamed>
       log:  C:\Users\Templeton\Desktop\GAPP\GAPP-UGANDA-HARUNA/rep/120_povline_food_
> flex.log
  log type:  text
 opened on:  20 May 2013, 17:28:00

. clear

. set more off

. #delimit ;
delimiter now ;
. **************************************************************************
> * 120_povline_food_flex.do      (start)
> *
> * Use the file with the food basket (food_basket_flex), which is in shares. 
> * Then merge it with the prices file, and then with the calories file.
> * Along the way, drop those observations where we have no price information
> * or no calorie information.
> **************************************************************************;
. /*
> This file uses:
>         work\food_basket_flex.dta
>         work\price_unit_flex.dta
>         work\calperg.dta
>         work\calpp.dta
> 
> This file creates:
>         work\povline_flex.dta
> */
> 
> 
> * start with the quantity information;
. use "$path/work/food_basket_flex.dta";

.         sort product spdomain;

.         * merge in price information;
.         merge product spdomain using "$path\work\price_unit_flex.dta";
(label spdomain_original already defined)

.         tab _merge;

     _merge |      Freq.     Percent        Cum.
------------+-----------------------------------
          2 |         71       34.13       34.13
          3 |        137       65.87      100.00
------------+-----------------------------------
      Total |        208      100.00

.         list product spdomain descript if _merge==1;

.         drop if _merge ~=3;
(71 observations deleted)

.         drop _merge;

.         sort product;

.         * merge in information on calories per gram;
.         merge product using "$path\work\calperg.dta";
variable product does not uniquely identify observations in the master data
(note: descript is str26 in using data but will be float now)

.         tab _merge;

     _merge |      Freq.     Percent        Cum.
------------+-----------------------------------
          2 |         20       12.74       12.74
          3 |        137       87.26      100.00
------------+-----------------------------------
      Total |        157      100.00

.         * This tells where we are lacking calorie info or are lacking quantity info
>  due to 
>         * missing price info above;
.         list product spdomain descript if _merge==1;

.         drop if _merge~=3;
(20 observations deleted)

.         drop _merge;

.         sort spdomain f_share_w;

.                 * CA modified to handle bootstrap counting;
.         * determine if any quantity has fewer than 10 price observations;
.         by spdomain: count if round(bswt)<10;

-------------------------------------------------------------------------------------
-> spdomain = Central rural
    0
-------------------------------------------------------------------------------------
-> spdomain = Central urban
    1
-------------------------------------------------------------------------------------
-> spdomain = Eastern
    0
-------------------------------------------------------------------------------------
-> spdomain = Northern
    1
-------------------------------------------------------------------------------------
-> spdomain = Western
    0

.         drop if round(bswt) < 10;
(2 observations deleted)

.         by spdomain: egen baskshr=sum(f_share_w);

.         by spdomain: gen cumshr1=sum(f_share_w);

.         * bundle was cut at 92.5 percent- cut back to 90 percent if necessary;
.         drop if cumshr1<=baskshr-.9;
(12 observations deleted)

.         * reobtain the share represented from the average basket- should be slightl
> y more than 90;
.         drop baskshr;

.         by spdomain: egen baskshr=sum(f_share_w);

.         by spdomain: sum baskshr;

-------------------------------------------------------------------------------------
-> spdomain = Central rural

    Variable |       Obs        Mean    Std. Dev.       Min        Max
-------------+--------------------------------------------------------
     baskshr |        24     .901623           0    .901623    .901623

-------------------------------------------------------------------------------------
-> spdomain = Central urban

    Variable |       Obs        Mean    Std. Dev.       Min        Max
-------------+--------------------------------------------------------
     baskshr |        21    .9074457           0   .9074457   .9074457

-------------------------------------------------------------------------------------
-> spdomain = Eastern

    Variable |       Obs        Mean    Std. Dev.       Min        Max
-------------+--------------------------------------------------------
     baskshr |        26      .90792           0     .90792     .90792

-------------------------------------------------------------------------------------
-> spdomain = Northern

    Variable |       Obs        Mean    Std. Dev.       Min        Max
-------------+--------------------------------------------------------
     baskshr |        26    .9066816           0   .9066816   .9066816

-------------------------------------------------------------------------------------
-> spdomain = Western

    Variable |       Obs        Mean    Std. Dev.       Min        Max
-------------+--------------------------------------------------------
     baskshr |        26     .900831           0    .900831    .900831


.         * obtain quantities and calories provided by these quantities;
.         gen quan=f_share_w/price_unitw;

.                         /* how many g in 1 MT exp on food item */
>         gen cal_ir=quan*calperg;

.                                 /* how many cal in 1 MT exp on food item */
>         by spdomain: egen calreg=sum(cal_ir);

.         /* how many cal in 1 MT exp in food basket*/
> 
>         * merge in calorie requirements;
.         sort spdomain;

.         merge spdomain using "$path\work\calpp.dta";
variable spdomain does not uniquely identify observations in the master data

.         tab _merge;

     _merge |      Freq.     Percent        Cum.
------------+-----------------------------------
          3 |        123      100.00      100.00
------------+-----------------------------------
      Total |        123      100.00

.         drop _merge;

.         * get the expansion factor to hit 95% of calorie requirements;
.         gen ratio=.95*calpp/calreg;

.                         replace quan=quan*ratio;
(123 real changes made)

.         replace cal_ir=quan*calperg;
(116 real changes made)

.         * do a consistency check;
.         sort spdomain;

.         by spdomain: egen chkcal=sum(cal_ir);

.         replace chkcal=chkcal/.95-calpp ;
(123 real changes made)

.                         * these values should be about zero;
.         by spdomain: sum chkcal;

-------------------------------------------------------------------------------------
-> spdomain = Central rural

    Variable |       Obs        Mean    Std. Dev.       Min        Max
-------------+--------------------------------------------------------
      chkcal |        24    .0001156           0   .0001156   .0001156

-------------------------------------------------------------------------------------
-> spdomain = Central urban

    Variable |       Obs        Mean    Std. Dev.       Min        Max
-------------+--------------------------------------------------------
      chkcal |        21    .0000257           0   .0000257   .0000257

-------------------------------------------------------------------------------------
-> spdomain = Eastern

    Variable |       Obs        Mean    Std. Dev.       Min        Max
-------------+--------------------------------------------------------
      chkcal |        26   -.0000128           0  -.0000128  -.0000128

-------------------------------------------------------------------------------------
-> spdomain = Northern

    Variable |       Obs        Mean    Std. Dev.       Min        Max
-------------+--------------------------------------------------------
      chkcal |        26   -.0001156           0  -.0001156  -.0001156

-------------------------------------------------------------------------------------
-> spdomain = Western

    Variable |       Obs        Mean    Std. Dev.       Min        Max
-------------+--------------------------------------------------------
      chkcal |        26   -.0000514           0  -.0000514  -.0000514


.         * obtain the value of each good in the bundle;
.         gen val_ir=quan*price_unitw;

.         * the sum of the value of the goods in the bundle is assumed to represent 9
> 0% of expenditure;
.         by spdomain: egen povline_f_flex90=sum(val_ir);

.                                 *************** we change the poverty line for Kamp
> ala urban, to try if it works ************;
. ***             replace povline_f_flex90=povline_f_flex90 + 6000;
.                         replace povline_f_flex=povline_f_flex90/.9;
(123 real changes made)

.         collapse (mean) povline_f_flex, by (spdomain);

.                 lab var povline_f_flex "Food poverty line. Flexible basket";

.         sort spdomain;

.         keep spdomain povline_f_flex;

. save "$path\work\povline_food_flex.dta", replace;
file C:\Users\Templeton\Desktop\GAPP\GAPP-UGANDA-HARUNA\work\povline_food_flex.dta sa
> ved

. /*
> * To be used in 140_iterate.do;
> gen cutoff = 1.5 * povline_f_flex;
> keep spdomain cutoff;
> save "$path/work/povlines_first_iterate.dta", replace;
> */
> 
> **************************************************************************
> * 120_povline_food_flex.do      (end)
> **************************************************************************;
. log close;
      name:  <unnamed>
       log:  C:\Users\Templeton\Desktop\GAPP\GAPP-UGANDA-HARUNA/rep/120_povline_food_
> flex.log
  log type:  text
 closed on:  20 May 2013, 17:28:00
-------------------------------------------------------------------------------------
