-------------------------------------------------------------------------------------
      name:  <unnamed>
       log:  C:\Users\Templeton\Desktop\GAPP\GAPP-UGANDA-HARUNA/rep/220_gen_results.l
> og
  log type:  text
 opened on:  20 May 2013, 14:39:49

. set more off

. #delimit ;
delimiter now ;
. *****************************************************************
> * 220_gen_results.do            (start)
> *
> * Do file to generate poverty and inequality results at various
> * levels of aggregation, and save the results for each 
> * bootstrap replication in a file.
> * NOTE: for some reason, -ineqdeco- doesn't generate results
> *       for GE(0), GE(1), GE(2), Gini, etc. when an "if" condition
> *               is used, so I'm using preserve/restore blocks for
> *               sub-groups instead.
> *               Also, saving results presented a few wrinkles, but
> *               doing it via matrices works.
> *****************************************************************;
. /*
>         This file uses:
>                 work/povmeas_ent_flex.dta (the bootstrapped version)
>                 out/bs_results.dta
>         
>         This file creates:
>                 out/bs_results.dta (updated)    
> */
> 
> 
> 
> 
> * Housecleaning;
. cap mat drop rep nat rur urb full;

. * Save the poverty lines in data file created for that purpose,;
. * and store in a matrix, for saving to a data file later.;
. use "$path/work/povmeas_ent_flex.dta", clear;
(Final data set. Official published poverty rates are calculated from this data s)

.         foreach reg of numlist 1/13 {;
  2.                 qui sum linpob if spdomain==`reg';
  3.                 global linpob`reg'=r(mean);
  4.         };

.         mat input rep=(0);

.         mat input linpob=($linpob1 $linpob2 $linpob3 $linpob4 $linpob5 $linpob6 
>                 $linpob7 $linpob8 $linpob9 $linpob10 $linpob11 $linpob12 $linpob13)
> ;

.         mat linpob = rep, linpob;

.         mat colnames linpob = rep linpob1 linpob2 linpob3 linpob4 linpob5 linpob6 
>                 linpob7 linpob8 linpob9 linpob10 linpob11 linpob12 linpob13;

.         #delimit cr
delimiter now cr
. 
.         * Change poverty measures from percentage to index terms;
.         gen h   = h_ent_   /100

.         gen pg  = pg_ent_m /100

.         gen spg = spg_ent_m/100

. 
.         * National figures;
.         sum h [aw=hhweight*hhsize]

    Variable |     Obs      Weight        Mean   Std. Dev.       Min        Max
-------------+-----------------------------------------------------------------
           h |    6775   200636622    .1141657   .3180359          0          1

.         glob p0_nat=r(mean)

.         sum pg [aw=hhweight*hhsize]

    Variable |     Obs      Weight        Mean   Std. Dev.       Min        Max
-------------+-----------------------------------------------------------------
          pg |    6775   200636622    .0297301   .1085264          0   .9125761

.         glob p1_nat=r(mean)

.         sum spg [aw=hhweight*hhsize]

    Variable |     Obs      Weight        Mean   Std. Dev.       Min        Max
-------------+-----------------------------------------------------------------
         spg |    6775   200636622    .0126601   .0630618          0   .8327953

.         glob p2_nat=r(mean)

.         ineqdeco cr2 [aw=hhweight*hhsize]
 
 
Percentile ratios for distribution of cr2: all valid obs.
------------------------------------------------------------
p90/p10  p90/p50  p10/p50  p75/p25  p75/p50  p25/p50
------------------------------------------------------------
  9.864    4.054    0.411    2.865    1.787    0.624
              
Generalized Entropy indices GE(a), where a = income difference
 sensitivity parameter, and Gini coefficient

----------------------------------------------------------------------
  All obs |     GE(-1)       GE(0)       GE(1)       GE(2)        Gini
----------+-----------------------------------------------------------
          |    1.86355     1.16375     2.74591   596.96149     0.76574
----------------------------------------------------------------------
   
Atkinson indices, A(e), where e > 0 is the inequality aversion parameter

----------------------------------------------
  All obs |     A(0.5)        A(1)        A(2)
----------+-----------------------------------
          |    0.56087     0.68769     0.78845
----------------------------------------------

.         glob gini_nat=$S_gini

.         glob ge0_nat =$S_i0

.         glob ge1_nat =$S_i1

.         glob ge2_nat =$S_i2

.         mat input nat=($p0_nat $p1_nat $p2_nat $gini_nat $ge0_nat $ge1_nat $ge2_nat
> )

. 
.         * Rural figures;
.         preserve

.                 keep if rural==1
(1220 observations deleted)

.                 sum h [aw=hhweight*hhsize]

    Variable |     Obs      Weight        Mean   Std. Dev.       Min        Max
-------------+-----------------------------------------------------------------
           h |    5555   174051227    .1265777   .3325293          0          1

.                 glob p0_rur=r(mean)

.                 sum pg [aw=hhweight*hhsize]

    Variable |     Obs      Weight        Mean   Std. Dev.       Min        Max
-------------+-----------------------------------------------------------------
          pg |    5555   174051227    .0334395    .115135          0   .9125761

.                 glob p1_rur=r(mean)

.                 sum spg [aw=hhweight*hhsize]

    Variable |     Obs      Weight        Mean   Std. Dev.       Min        Max
-------------+-----------------------------------------------------------------
         spg |    5555   174051227    .0143719   .0672221          0   .8327953

.                 glob p2_rur=r(mean)

.                 ineqdeco cr2 [aw=hhweight*hhsize]
 
 
Percentile ratios for distribution of cr2: all valid obs.
------------------------------------------------------------
p90/p10  p90/p50  p10/p50  p75/p25  p75/p50  p25/p50
------------------------------------------------------------
  7.593    3.159    0.416    2.663    1.686    0.633
              
Generalized Entropy indices GE(a), where a = income difference
 sensitivity parameter, and Gini coefficient

----------------------------------------------------------------------
  All obs |     GE(-1)       GE(0)       GE(1)       GE(2)        Gini
----------+-----------------------------------------------------------
          |    1.03026     0.77598     1.40236    14.75926     0.65199
----------------------------------------------------------------------
   
Atkinson indices, A(e), where e > 0 is the inequality aversion parameter

----------------------------------------------
  All obs |     A(0.5)        A(1)        A(2)
----------+-----------------------------------
          |    0.39885     0.53975     0.67326
----------------------------------------------

.                 glob gini_rur=$S_gini

.                 glob ge0_rur =$S_i0

.                 glob ge1_rur =$S_i1

.                 glob ge2_rur =$S_i2

.         restore

.         mat input rur=($p0_rur $p1_rur $p2_rur $gini_rur $ge0_rur $ge1_rur $ge2_rur
> )

. 
.         * Urban figures;
.         preserve

.                 keep if rural==0
(5555 observations deleted)

.                 sum h [aw=hhweight*hhsize]

    Variable |     Obs      Weight        Mean   Std. Dev.       Min        Max
-------------+-----------------------------------------------------------------
           h |    1220    26585395    .0329059   .1784635          0          1

.                 glob p0_urb=r(mean)

.                 sum pg [aw=hhweight*hhsize]

    Variable |     Obs      Weight        Mean   Std. Dev.       Min        Max
-------------+-----------------------------------------------------------------
          pg |    1220    26585395    .0054453   .0377478          0   .7605618

.                 glob p1_urb=r(mean)

.                 sum spg [aw=hhweight*hhsize]

    Variable |     Obs      Weight        Mean   Std. Dev.       Min        Max
-------------+-----------------------------------------------------------------
         spg |    1220    26585395    .0014534     .01687          0   .5784542

.                 glob p2_urb=r(mean)

.                 ineqdeco cr2 [aw=hhweight*hhsize]
 
 
Percentile ratios for distribution of cr2: all valid obs.
------------------------------------------------------------
p90/p10  p90/p50  p10/p50  p75/p25  p75/p50  p25/p50
------------------------------------------------------------
 17.059    5.082    0.298    4.586    2.436    0.531
              
Generalized Entropy indices GE(a), where a = income difference
 sensitivity parameter, and Gini coefficient

----------------------------------------------------------------------
  All obs |     GE(-1)       GE(0)       GE(1)       GE(2)        Gini
----------+-----------------------------------------------------------
          |    4.24589     1.70588     3.52089   349.83948     0.85686
----------------------------------------------------------------------
   
Atkinson indices, A(e), where e > 0 is the inequality aversion parameter

----------------------------------------------
  All obs |     A(0.5)        A(1)        A(2)
----------+-----------------------------------
          |    0.69335     0.81839     0.89465
----------------------------------------------

.                 glob gini_urb=$S_gini

.                 glob ge0_urb =$S_i0

.                 glob ge1_urb =$S_i1

.                 glob ge2_urb =$S_i2

.         restore

.         mat input urb=($p0_urb $p1_urb $p2_urb $gini_urb $ge0_urb $ge1_urb $ge2_urb
> )

. 
.         * Assemble the matrix pieces and save this set of estimates in the data fil
> e;
.                 #delimit;
delimiter now ;
.                 mat full= rep, nat, rur, urb;

.                 mat colnames full = rep 
>                                         p0_nat  p1_nat  p2_nat  gini_nat  ge0_nat  
> ge1_nat      ge2_nat
>                                         p0_rur  p1_rur  p2_rur  gini_rur  ge0_rur  
> ge1_rur      ge2_rur
>                                         p0_urb  p1_urb  p2_urb  gini_urb  ge0_urb  
> ge1_urb      ge2_urb;

.         #delimit cr
delimiter now cr
.         mat list full

full[1,22]
          rep     p0_nat     p1_nat     p2_nat   gini_nat    ge0_nat    ge1_nat
r1          0  .11416573  .02973011  .01266011  .76574367  1.1637452  2.7459052

      ge2_nat     p0_rur     p1_rur     p2_rur   gini_rur    ge0_rur    ge1_rur
r1  596.96149  .12657773  .03343948  .01437188  .65199053  .77597743  1.4023634

      ge2_rur     p0_urb     p1_urb     p2_urb   gini_urb    ge0_urb    ge1_urb
r1  14.759265  .03290592  .00544531  .00145338  .85685533  1.7058761  3.5208936

      ge2_urb
r1  349.83948

. 
. 
. drop _all

. 
. svmat full , names(col)
number of observations will be reset to 1
Press any key to continue, or Break to abort
obs was 0, now 1

.         tempfile rep

.         compress
rep was float now byte

. 
. 
. 
. 
. 
. *****************************************************************
. * 220_gen_results.do            (end)
. *****************************************************************;
. 
. log close
      name:  <unnamed>
       log:  C:\Users\Templeton\Desktop\GAPP\GAPP-UGANDA-HARUNA/rep/220_gen_results.l
> og
  log type:  text
 closed on:  20 May 2013, 14:39:49
-------------------------------------------------------------------------------------
